2015-03-08 07:59:37,340 - [ERROR] - from com.gargoylesoftware.htmlunit.html.HtmlPage in main 
Error loading JavaScript from [http://localhost:3333/assets/javascripts/hello.js].
java.io.IOException: Unable to download JavaScript from 'http://localhost:3333/assets/javascripts/hello.js' (status 404).
	at com.gargoylesoftware.htmlunit.html.HtmlPage.loadJavaScriptFromUrl(HtmlPage.java:1106) ~[htmlunit-2.13.jar:2.13]
	at com.gargoylesoftware.htmlunit.html.HtmlPage.loadExternalJavaScriptFile(HtmlPage.java:1039) ~[htmlunit-2.13.jar:2.13]
	at com.gargoylesoftware.htmlunit.html.HtmlScript.executeScriptIfNeeded(HtmlScript.java:409) [htmlunit-2.13.jar:2.13]
	at com.gargoylesoftware.htmlunit.html.HtmlScript$3.execute(HtmlScript.java:266) [htmlunit-2.13.jar:2.13]
	at com.gargoylesoftware.htmlunit.html.HtmlScript.onAllChildrenAddedToPage(HtmlScript.java:286) [htmlunit-2.13.jar:2.13]
	at com.gargoylesoftware.htmlunit.html.HTMLParser$HtmlUnitDOMBuilder.endElement(HTMLParser.java:683) [htmlunit-2.13.jar:2.13]
	at org.apache.xerces.parsers.AbstractSAXParser.endElement(Unknown Source) [xercesImpl-2.11.0.jar:na]
	at com.gargoylesoftware.htmlunit.html.HTMLParser$HtmlUnitDOMBuilder.endElement(HTMLParser.java:642) [htmlunit-2.13.jar:2.13]
	at org.cyberneko.html.HTMLTagBalancer.callEndElement(HTMLTagBalancer.java:1170) [nekohtml-1.9.19.jar:1.9.19]
	at org.cyberneko.html.HTMLTagBalancer.endElement(HTMLTagBalancer.java:1072) [nekohtml-1.9.19.jar:1.9.19]
	at org.cyberneko.html.filters.DefaultFilter.endElement(DefaultFilter.java:206) [nekohtml-1.9.19.jar:na]
	at org.cyberneko.html.filters.NamespaceBinder.endElement(NamespaceBinder.java:330) [nekohtml-1.9.19.jar:na]
	at org.cyberneko.html.HTMLScanner$ContentScanner.scanEndElement(HTMLScanner.java:3116) [nekohtml-1.9.19.jar:1.9.19]
	at org.cyberneko.html.HTMLScanner$ContentScanner.scan(HTMLScanner.java:2083) [nekohtml-1.9.19.jar:1.9.19]
	at org.cyberneko.html.HTMLScanner.scanDocument(HTMLScanner.java:918) [nekohtml-1.9.19.jar:1.9.19]
	at org.cyberneko.html.HTMLConfiguration.parse(HTMLConfiguration.java:499) [nekohtml-1.9.19.jar:1.9.19]
	at org.cyberneko.html.HTMLConfiguration.parse(HTMLConfiguration.java:452) [nekohtml-1.9.19.jar:1.9.19]
	at org.apache.xerces.parsers.XMLParser.parse(Unknown Source) [xercesImpl-2.11.0.jar:na]
	at com.gargoylesoftware.htmlunit.html.HTMLParser$HtmlUnitDOMBuilder.parse(HTMLParser.java:899) [htmlunit-2.13.jar:2.13]
	at com.gargoylesoftware.htmlunit.html.HTMLParser.parse(HTMLParser.java:242) [htmlunit-2.13.jar:2.13]
	at com.gargoylesoftware.htmlunit.html.HTMLParser.parseHtml(HTMLParser.java:188) [htmlunit-2.13.jar:2.13]
	at com.gargoylesoftware.htmlunit.DefaultPageCreator.createHtmlPage(DefaultPageCreator.java:268) [htmlunit-2.13.jar:2.13]
	at com.gargoylesoftware.htmlunit.DefaultPageCreator.createPage(DefaultPageCreator.java:156) [htmlunit-2.13.jar:2.13]
	at com.gargoylesoftware.htmlunit.WebClient.loadWebResponseInto(WebClient.java:437) [htmlunit-2.13.jar:2.13]
	at com.gargoylesoftware.htmlunit.WebClient.getPage(WebClient.java:311) [htmlunit-2.13.jar:2.13]
	at com.gargoylesoftware.htmlunit.WebClient.getPage(WebClient.java:376) [htmlunit-2.13.jar:2.13]
	at org.openqa.selenium.htmlunit.HtmlUnitDriver.get(HtmlUnitDriver.java:474) [selenium-htmlunit-driver-2.39.0.jar:na]
	at org.openqa.selenium.htmlunit.HtmlUnitDriver.get(HtmlUnitDriver.java:463) [selenium-htmlunit-driver-2.39.0.jar:na]
	at org.fluentlenium.core.Fluent.goTo(Fluent.java:336) [fluentlenium-core-0.9.2.jar:na]
	at test.IntegrationTest$4.invoke(IntegrationTest.java:82) [test-classes/:na]
	at test.IntegrationTest$4.invoke(IntegrationTest.java:80) [test-classes/:na]
	at play.test.Helpers.running(Helpers.java:555) [play-test_2.11-2.3.8.jar:2.3.8]
	at play.test.Helpers.running(Helpers.java:541) [play-test_2.11-2.3.8.jar:2.3.8]
	at test.IntegrationTest.testAbout(IntegrationTest.java:80) [test-classes/:na]
	at sun.reflect.NativeMethodAccessorImpl.invoke0(Native Method) ~[na:1.8.0_31]
	at sun.reflect.NativeMethodAccessorImpl.invoke(NativeMethodAccessorImpl.java:62) ~[na:1.8.0_31]
	at sun.reflect.DelegatingMethodAccessorImpl.invoke(DelegatingMethodAccessorImpl.java:43) ~[na:1.8.0_31]
	at java.lang.reflect.Method.invoke(Method.java:483) ~[na:1.8.0_31]
	at org.junit.runners.model.FrameworkMethod$1.runReflectiveCall(FrameworkMethod.java:47) [junit-4.11.jar:na]
	at org.junit.internal.runners.model.ReflectiveCallable.run(ReflectiveCallable.java:12) [junit-4.11.jar:na]
	at org.junit.runners.model.FrameworkMethod.invokeExplosively(FrameworkMethod.java:44) [junit-4.11.jar:na]
	at org.junit.internal.runners.statements.InvokeMethod.evaluate(InvokeMethod.java:17) [junit-4.11.jar:na]
	at org.junit.runners.ParentRunner.runLeaf(ParentRunner.java:271) [junit-4.11.jar:na]
	at org.junit.runners.BlockJUnit4ClassRunner.runChild(BlockJUnit4ClassRunner.java:70) [junit-4.11.jar:na]
	at org.junit.runners.BlockJUnit4ClassRunner.runChild(BlockJUnit4ClassRunner.java:50) [junit-4.11.jar:na]
	at org.junit.runners.ParentRunner$3.run(ParentRunner.java:238) [junit-4.11.jar:na]
	at org.junit.runners.ParentRunner$1.schedule(ParentRunner.java:63) [junit-4.11.jar:na]
	at org.junit.runners.ParentRunner.runChildren(ParentRunner.java:236) [junit-4.11.jar:na]
	at org.junit.runners.ParentRunner.access$000(ParentRunner.java:53) [junit-4.11.jar:na]
	at org.junit.runners.ParentRunner$2.evaluate(ParentRunner.java:229) [junit-4.11.jar:na]
	at org.junit.runners.ParentRunner.run(ParentRunner.java:309) [junit-4.11.jar:na]
	at org.junit.runner.JUnitCore.run(JUnitCore.java:160) [junit-4.11.jar:na]
	at com.intellij.junit4.JUnit4IdeaTestRunner.startRunnerWithArgs(JUnit4IdeaTestRunner.java:74) [junit-rt.jar:na]
	at com.intellij.rt.execution.junit.JUnitStarter.prepareStreamsAndStart(JUnitStarter.java:211) [junit-rt.jar:na]
	at com.intellij.rt.execution.junit.JUnitStarter.main(JUnitStarter.java:67) [junit-rt.jar:na]
	at sun.reflect.NativeMethodAccessorImpl.invoke0(Native Method) ~[na:1.8.0_31]
	at sun.reflect.NativeMethodAccessorImpl.invoke(NativeMethodAccessorImpl.java:62) ~[na:1.8.0_31]
	at sun.reflect.DelegatingMethodAccessorImpl.invoke(DelegatingMethodAccessorImpl.java:43) ~[na:1.8.0_31]
	at java.lang.reflect.Method.invoke(Method.java:483) ~[na:1.8.0_31]
	at com.intellij.rt.execution.application.AppMain.main(AppMain.java:134) [idea_rt.jar:na]

2015-03-08 07:59:38,969 - [ERROR] - from com.gargoylesoftware.htmlunit.html.HtmlPage in main 
Error loading JavaScript from [http://localhost:3333/assets/javascripts/hello.js].
java.io.IOException: Unable to download JavaScript from 'http://localhost:3333/assets/javascripts/hello.js' (status 404).
	at com.gargoylesoftware.htmlunit.html.HtmlPage.loadJavaScriptFromUrl(HtmlPage.java:1106) ~[htmlunit-2.13.jar:2.13]
	at com.gargoylesoftware.htmlunit.html.HtmlPage.loadExternalJavaScriptFile(HtmlPage.java:1039) ~[htmlunit-2.13.jar:2.13]
	at com.gargoylesoftware.htmlunit.html.HtmlScript.executeScriptIfNeeded(HtmlScript.java:409) [htmlunit-2.13.jar:2.13]
	at com.gargoylesoftware.htmlunit.html.HtmlScript$3.execute(HtmlScript.java:266) [htmlunit-2.13.jar:2.13]
	at com.gargoylesoftware.htmlunit.html.HtmlScript.onAllChildrenAddedToPage(HtmlScript.java:286) [htmlunit-2.13.jar:2.13]
	at com.gargoylesoftware.htmlunit.html.HTMLParser$HtmlUnitDOMBuilder.endElement(HTMLParser.java:683) [htmlunit-2.13.jar:2.13]
	at org.apache.xerces.parsers.AbstractSAXParser.endElement(Unknown Source) [xercesImpl-2.11.0.jar:na]
	at com.gargoylesoftware.htmlunit.html.HTMLParser$HtmlUnitDOMBuilder.endElement(HTMLParser.java:642) [htmlunit-2.13.jar:2.13]
	at org.cyberneko.html.HTMLTagBalancer.callEndElement(HTMLTagBalancer.java:1170) [nekohtml-1.9.19.jar:1.9.19]
	at org.cyberneko.html.HTMLTagBalancer.endElement(HTMLTagBalancer.java:1072) [nekohtml-1.9.19.jar:1.9.19]
	at org.cyberneko.html.filters.DefaultFilter.endElement(DefaultFilter.java:206) [nekohtml-1.9.19.jar:na]
	at org.cyberneko.html.filters.NamespaceBinder.endElement(NamespaceBinder.java:330) [nekohtml-1.9.19.jar:na]
	at org.cyberneko.html.HTMLScanner$ContentScanner.scanEndElement(HTMLScanner.java:3116) [nekohtml-1.9.19.jar:1.9.19]
	at org.cyberneko.html.HTMLScanner$ContentScanner.scan(HTMLScanner.java:2083) [nekohtml-1.9.19.jar:1.9.19]
	at org.cyberneko.html.HTMLScanner.scanDocument(HTMLScanner.java:918) [nekohtml-1.9.19.jar:1.9.19]
	at org.cyberneko.html.HTMLConfiguration.parse(HTMLConfiguration.java:499) [nekohtml-1.9.19.jar:1.9.19]
	at org.cyberneko.html.HTMLConfiguration.parse(HTMLConfiguration.java:452) [nekohtml-1.9.19.jar:1.9.19]
	at org.apache.xerces.parsers.XMLParser.parse(Unknown Source) [xercesImpl-2.11.0.jar:na]
	at com.gargoylesoftware.htmlunit.html.HTMLParser$HtmlUnitDOMBuilder.parse(HTMLParser.java:899) [htmlunit-2.13.jar:2.13]
	at com.gargoylesoftware.htmlunit.html.HTMLParser.parse(HTMLParser.java:242) [htmlunit-2.13.jar:2.13]
	at com.gargoylesoftware.htmlunit.html.HTMLParser.parseHtml(HTMLParser.java:188) [htmlunit-2.13.jar:2.13]
	at com.gargoylesoftware.htmlunit.DefaultPageCreator.createHtmlPage(DefaultPageCreator.java:268) [htmlunit-2.13.jar:2.13]
	at com.gargoylesoftware.htmlunit.DefaultPageCreator.createPage(DefaultPageCreator.java:156) [htmlunit-2.13.jar:2.13]
	at com.gargoylesoftware.htmlunit.WebClient.loadWebResponseInto(WebClient.java:437) [htmlunit-2.13.jar:2.13]
	at com.gargoylesoftware.htmlunit.WebClient.getPage(WebClient.java:311) [htmlunit-2.13.jar:2.13]
	at com.gargoylesoftware.htmlunit.WebClient.getPage(WebClient.java:376) [htmlunit-2.13.jar:2.13]
	at org.openqa.selenium.htmlunit.HtmlUnitDriver.get(HtmlUnitDriver.java:474) [selenium-htmlunit-driver-2.39.0.jar:na]
	at org.openqa.selenium.htmlunit.HtmlUnitDriver.get(HtmlUnitDriver.java:463) [selenium-htmlunit-driver-2.39.0.jar:na]
	at org.fluentlenium.core.Fluent.goTo(Fluent.java:336) [fluentlenium-core-0.9.2.jar:na]
	at test.IntegrationTest$2.invoke(IntegrationTest.java:54) [test-classes/:na]
	at test.IntegrationTest$2.invoke(IntegrationTest.java:52) [test-classes/:na]
	at play.test.Helpers.running(Helpers.java:555) [play-test_2.11-2.3.8.jar:2.3.8]
	at play.test.Helpers.running(Helpers.java:541) [play-test_2.11-2.3.8.jar:2.3.8]
	at test.IntegrationTest.testPage1(IntegrationTest.java:52) [test-classes/:na]
	at sun.reflect.NativeMethodAccessorImpl.invoke0(Native Method) ~[na:1.8.0_31]
	at sun.reflect.NativeMethodAccessorImpl.invoke(NativeMethodAccessorImpl.java:62) ~[na:1.8.0_31]
	at sun.reflect.DelegatingMethodAccessorImpl.invoke(DelegatingMethodAccessorImpl.java:43) ~[na:1.8.0_31]
	at java.lang.reflect.Method.invoke(Method.java:483) ~[na:1.8.0_31]
	at org.junit.runners.model.FrameworkMethod$1.runReflectiveCall(FrameworkMethod.java:47) [junit-4.11.jar:na]
	at org.junit.internal.runners.model.ReflectiveCallable.run(ReflectiveCallable.java:12) [junit-4.11.jar:na]
	at org.junit.runners.model.FrameworkMethod.invokeExplosively(FrameworkMethod.java:44) [junit-4.11.jar:na]
	at org.junit.internal.runners.statements.InvokeMethod.evaluate(InvokeMethod.java:17) [junit-4.11.jar:na]
	at org.junit.runners.ParentRunner.runLeaf(ParentRunner.java:271) [junit-4.11.jar:na]
	at org.junit.runners.BlockJUnit4ClassRunner.runChild(BlockJUnit4ClassRunner.java:70) [junit-4.11.jar:na]
	at org.junit.runners.BlockJUnit4ClassRunner.runChild(BlockJUnit4ClassRunner.java:50) [junit-4.11.jar:na]
	at org.junit.runners.ParentRunner$3.run(ParentRunner.java:238) [junit-4.11.jar:na]
	at org.junit.runners.ParentRunner$1.schedule(ParentRunner.java:63) [junit-4.11.jar:na]
	at org.junit.runners.ParentRunner.runChildren(ParentRunner.java:236) [junit-4.11.jar:na]
	at org.junit.runners.ParentRunner.access$000(ParentRunner.java:53) [junit-4.11.jar:na]
	at org.junit.runners.ParentRunner$2.evaluate(ParentRunner.java:229) [junit-4.11.jar:na]
	at org.junit.runners.ParentRunner.run(ParentRunner.java:309) [junit-4.11.jar:na]
	at org.junit.runner.JUnitCore.run(JUnitCore.java:160) [junit-4.11.jar:na]
	at com.intellij.junit4.JUnit4IdeaTestRunner.startRunnerWithArgs(JUnit4IdeaTestRunner.java:74) [junit-rt.jar:na]
	at com.intellij.rt.execution.junit.JUnitStarter.prepareStreamsAndStart(JUnitStarter.java:211) [junit-rt.jar:na]
	at com.intellij.rt.execution.junit.JUnitStarter.main(JUnitStarter.java:67) [junit-rt.jar:na]
	at sun.reflect.NativeMethodAccessorImpl.invoke0(Native Method) ~[na:1.8.0_31]
	at sun.reflect.NativeMethodAccessorImpl.invoke(NativeMethodAccessorImpl.java:62) ~[na:1.8.0_31]
	at sun.reflect.DelegatingMethodAccessorImpl.invoke(DelegatingMethodAccessorImpl.java:43) ~[na:1.8.0_31]
	at java.lang.reflect.Method.invoke(Method.java:483) ~[na:1.8.0_31]
	at com.intellij.rt.execution.application.AppMain.main(AppMain.java:134) [idea_rt.jar:na]

2015-03-08 07:59:40,010 - [ERROR] - from com.gargoylesoftware.htmlunit.html.HtmlPage in main 
Error loading JavaScript from [http://localhost:3333/assets/javascripts/hello.js].
java.io.IOException: Unable to download JavaScript from 'http://localhost:3333/assets/javascripts/hello.js' (status 404).
	at com.gargoylesoftware.htmlunit.html.HtmlPage.loadJavaScriptFromUrl(HtmlPage.java:1106) ~[htmlunit-2.13.jar:2.13]
	at com.gargoylesoftware.htmlunit.html.HtmlPage.loadExternalJavaScriptFile(HtmlPage.java:1039) ~[htmlunit-2.13.jar:2.13]
	at com.gargoylesoftware.htmlunit.html.HtmlScript.executeScriptIfNeeded(HtmlScript.java:409) [htmlunit-2.13.jar:2.13]
	at com.gargoylesoftware.htmlunit.html.HtmlScript$3.execute(HtmlScript.java:266) [htmlunit-2.13.jar:2.13]
	at com.gargoylesoftware.htmlunit.html.HtmlScript.onAllChildrenAddedToPage(HtmlScript.java:286) [htmlunit-2.13.jar:2.13]
	at com.gargoylesoftware.htmlunit.html.HTMLParser$HtmlUnitDOMBuilder.endElement(HTMLParser.java:683) [htmlunit-2.13.jar:2.13]
	at org.apache.xerces.parsers.AbstractSAXParser.endElement(Unknown Source) [xercesImpl-2.11.0.jar:na]
	at com.gargoylesoftware.htmlunit.html.HTMLParser$HtmlUnitDOMBuilder.endElement(HTMLParser.java:642) [htmlunit-2.13.jar:2.13]
	at org.cyberneko.html.HTMLTagBalancer.callEndElement(HTMLTagBalancer.java:1170) [nekohtml-1.9.19.jar:1.9.19]
	at org.cyberneko.html.HTMLTagBalancer.endElement(HTMLTagBalancer.java:1072) [nekohtml-1.9.19.jar:1.9.19]
	at org.cyberneko.html.filters.DefaultFilter.endElement(DefaultFilter.java:206) [nekohtml-1.9.19.jar:na]
	at org.cyberneko.html.filters.NamespaceBinder.endElement(NamespaceBinder.java:330) [nekohtml-1.9.19.jar:na]
	at org.cyberneko.html.HTMLScanner$ContentScanner.scanEndElement(HTMLScanner.java:3116) [nekohtml-1.9.19.jar:1.9.19]
	at org.cyberneko.html.HTMLScanner$ContentScanner.scan(HTMLScanner.java:2083) [nekohtml-1.9.19.jar:1.9.19]
	at org.cyberneko.html.HTMLScanner.scanDocument(HTMLScanner.java:918) [nekohtml-1.9.19.jar:1.9.19]
	at org.cyberneko.html.HTMLConfiguration.parse(HTMLConfiguration.java:499) [nekohtml-1.9.19.jar:1.9.19]
	at org.cyberneko.html.HTMLConfiguration.parse(HTMLConfiguration.java:452) [nekohtml-1.9.19.jar:1.9.19]
	at org.apache.xerces.parsers.XMLParser.parse(Unknown Source) [xercesImpl-2.11.0.jar:na]
	at com.gargoylesoftware.htmlunit.html.HTMLParser$HtmlUnitDOMBuilder.parse(HTMLParser.java:899) [htmlunit-2.13.jar:2.13]
	at com.gargoylesoftware.htmlunit.html.HTMLParser.parse(HTMLParser.java:242) [htmlunit-2.13.jar:2.13]
	at com.gargoylesoftware.htmlunit.html.HTMLParser.parseHtml(HTMLParser.java:188) [htmlunit-2.13.jar:2.13]
	at com.gargoylesoftware.htmlunit.DefaultPageCreator.createHtmlPage(DefaultPageCreator.java:268) [htmlunit-2.13.jar:2.13]
	at com.gargoylesoftware.htmlunit.DefaultPageCreator.createPage(DefaultPageCreator.java:156) [htmlunit-2.13.jar:2.13]
	at com.gargoylesoftware.htmlunit.WebClient.loadWebResponseInto(WebClient.java:437) [htmlunit-2.13.jar:2.13]
	at com.gargoylesoftware.htmlunit.WebClient.getPage(WebClient.java:311) [htmlunit-2.13.jar:2.13]
	at com.gargoylesoftware.htmlunit.WebClient.getPage(WebClient.java:376) [htmlunit-2.13.jar:2.13]
	at org.openqa.selenium.htmlunit.HtmlUnitDriver.get(HtmlUnitDriver.java:474) [selenium-htmlunit-driver-2.39.0.jar:na]
	at org.openqa.selenium.htmlunit.HtmlUnitDriver.get(HtmlUnitDriver.java:463) [selenium-htmlunit-driver-2.39.0.jar:na]
	at org.fluentlenium.core.Fluent.goTo(Fluent.java:336) [fluentlenium-core-0.9.2.jar:na]
	at test.IntegrationTest$3.invoke(IntegrationTest.java:68) [test-classes/:na]
	at test.IntegrationTest$3.invoke(IntegrationTest.java:66) [test-classes/:na]
	at play.test.Helpers.running(Helpers.java:555) [play-test_2.11-2.3.8.jar:2.3.8]
	at play.test.Helpers.running(Helpers.java:541) [play-test_2.11-2.3.8.jar:2.3.8]
	at test.IntegrationTest.testPage2(IntegrationTest.java:66) [test-classes/:na]
	at sun.reflect.NativeMethodAccessorImpl.invoke0(Native Method) ~[na:1.8.0_31]
	at sun.reflect.NativeMethodAccessorImpl.invoke(NativeMethodAccessorImpl.java:62) ~[na:1.8.0_31]
	at sun.reflect.DelegatingMethodAccessorImpl.invoke(DelegatingMethodAccessorImpl.java:43) ~[na:1.8.0_31]
	at java.lang.reflect.Method.invoke(Method.java:483) ~[na:1.8.0_31]
	at org.junit.runners.model.FrameworkMethod$1.runReflectiveCall(FrameworkMethod.java:47) [junit-4.11.jar:na]
	at org.junit.internal.runners.model.ReflectiveCallable.run(ReflectiveCallable.java:12) [junit-4.11.jar:na]
	at org.junit.runners.model.FrameworkMethod.invokeExplosively(FrameworkMethod.java:44) [junit-4.11.jar:na]
	at org.junit.internal.runners.statements.InvokeMethod.evaluate(InvokeMethod.java:17) [junit-4.11.jar:na]
	at org.junit.runners.ParentRunner.runLeaf(ParentRunner.java:271) [junit-4.11.jar:na]
	at org.junit.runners.BlockJUnit4ClassRunner.runChild(BlockJUnit4ClassRunner.java:70) [junit-4.11.jar:na]
	at org.junit.runners.BlockJUnit4ClassRunner.runChild(BlockJUnit4ClassRunner.java:50) [junit-4.11.jar:na]
	at org.junit.runners.ParentRunner$3.run(ParentRunner.java:238) [junit-4.11.jar:na]
	at org.junit.runners.ParentRunner$1.schedule(ParentRunner.java:63) [junit-4.11.jar:na]
	at org.junit.runners.ParentRunner.runChildren(ParentRunner.java:236) [junit-4.11.jar:na]
	at org.junit.runners.ParentRunner.access$000(ParentRunner.java:53) [junit-4.11.jar:na]
	at org.junit.runners.ParentRunner$2.evaluate(ParentRunner.java:229) [junit-4.11.jar:na]
	at org.junit.runners.ParentRunner.run(ParentRunner.java:309) [junit-4.11.jar:na]
	at org.junit.runner.JUnitCore.run(JUnitCore.java:160) [junit-4.11.jar:na]
	at com.intellij.junit4.JUnit4IdeaTestRunner.startRunnerWithArgs(JUnit4IdeaTestRunner.java:74) [junit-rt.jar:na]
	at com.intellij.rt.execution.junit.JUnitStarter.prepareStreamsAndStart(JUnitStarter.java:211) [junit-rt.jar:na]
	at com.intellij.rt.execution.junit.JUnitStarter.main(JUnitStarter.java:67) [junit-rt.jar:na]
	at sun.reflect.NativeMethodAccessorImpl.invoke0(Native Method) ~[na:1.8.0_31]
	at sun.reflect.NativeMethodAccessorImpl.invoke(NativeMethodAccessorImpl.java:62) ~[na:1.8.0_31]
	at sun.reflect.DelegatingMethodAccessorImpl.invoke(DelegatingMethodAccessorImpl.java:43) ~[na:1.8.0_31]
	at java.lang.reflect.Method.invoke(Method.java:483) ~[na:1.8.0_31]
	at com.intellij.rt.execution.application.AppMain.main(AppMain.java:134) [idea_rt.jar:na]

2015-03-08 07:59:41,013 - [ERROR] - from com.gargoylesoftware.htmlunit.html.HtmlPage in main 
Error loading JavaScript from [http://localhost:3333/assets/javascripts/hello.js].
java.io.IOException: Unable to download JavaScript from 'http://localhost:3333/assets/javascripts/hello.js' (status 404).
	at com.gargoylesoftware.htmlunit.html.HtmlPage.loadJavaScriptFromUrl(HtmlPage.java:1106) ~[htmlunit-2.13.jar:2.13]
	at com.gargoylesoftware.htmlunit.html.HtmlPage.loadExternalJavaScriptFile(HtmlPage.java:1039) ~[htmlunit-2.13.jar:2.13]
	at com.gargoylesoftware.htmlunit.html.HtmlScript.executeScriptIfNeeded(HtmlScript.java:409) [htmlunit-2.13.jar:2.13]
	at com.gargoylesoftware.htmlunit.html.HtmlScript$3.execute(HtmlScript.java:266) [htmlunit-2.13.jar:2.13]
	at com.gargoylesoftware.htmlunit.html.HtmlScript.onAllChildrenAddedToPage(HtmlScript.java:286) [htmlunit-2.13.jar:2.13]
	at com.gargoylesoftware.htmlunit.html.HTMLParser$HtmlUnitDOMBuilder.endElement(HTMLParser.java:683) [htmlunit-2.13.jar:2.13]
	at org.apache.xerces.parsers.AbstractSAXParser.endElement(Unknown Source) [xercesImpl-2.11.0.jar:na]
	at com.gargoylesoftware.htmlunit.html.HTMLParser$HtmlUnitDOMBuilder.endElement(HTMLParser.java:642) [htmlunit-2.13.jar:2.13]
	at org.cyberneko.html.HTMLTagBalancer.callEndElement(HTMLTagBalancer.java:1170) [nekohtml-1.9.19.jar:1.9.19]
	at org.cyberneko.html.HTMLTagBalancer.endElement(HTMLTagBalancer.java:1072) [nekohtml-1.9.19.jar:1.9.19]
	at org.cyberneko.html.filters.DefaultFilter.endElement(DefaultFilter.java:206) [nekohtml-1.9.19.jar:na]
	at org.cyberneko.html.filters.NamespaceBinder.endElement(NamespaceBinder.java:330) [nekohtml-1.9.19.jar:na]
	at org.cyberneko.html.HTMLScanner$ContentScanner.scanEndElement(HTMLScanner.java:3116) [nekohtml-1.9.19.jar:1.9.19]
	at org.cyberneko.html.HTMLScanner$ContentScanner.scan(HTMLScanner.java:2083) [nekohtml-1.9.19.jar:1.9.19]
	at org.cyberneko.html.HTMLScanner.scanDocument(HTMLScanner.java:918) [nekohtml-1.9.19.jar:1.9.19]
	at org.cyberneko.html.HTMLConfiguration.parse(HTMLConfiguration.java:499) [nekohtml-1.9.19.jar:1.9.19]
	at org.cyberneko.html.HTMLConfiguration.parse(HTMLConfiguration.java:452) [nekohtml-1.9.19.jar:1.9.19]
	at org.apache.xerces.parsers.XMLParser.parse(Unknown Source) [xercesImpl-2.11.0.jar:na]
	at com.gargoylesoftware.htmlunit.html.HTMLParser$HtmlUnitDOMBuilder.parse(HTMLParser.java:899) [htmlunit-2.13.jar:2.13]
	at com.gargoylesoftware.htmlunit.html.HTMLParser.parse(HTMLParser.java:242) [htmlunit-2.13.jar:2.13]
	at com.gargoylesoftware.htmlunit.html.HTMLParser.parseHtml(HTMLParser.java:188) [htmlunit-2.13.jar:2.13]
	at com.gargoylesoftware.htmlunit.DefaultPageCreator.createHtmlPage(DefaultPageCreator.java:268) [htmlunit-2.13.jar:2.13]
	at com.gargoylesoftware.htmlunit.DefaultPageCreator.createPage(DefaultPageCreator.java:156) [htmlunit-2.13.jar:2.13]
	at com.gargoylesoftware.htmlunit.WebClient.loadWebResponseInto(WebClient.java:437) [htmlunit-2.13.jar:2.13]
	at com.gargoylesoftware.htmlunit.WebClient.getPage(WebClient.java:311) [htmlunit-2.13.jar:2.13]
	at com.gargoylesoftware.htmlunit.WebClient.getPage(WebClient.java:376) [htmlunit-2.13.jar:2.13]
	at org.openqa.selenium.htmlunit.HtmlUnitDriver.get(HtmlUnitDriver.java:474) [selenium-htmlunit-driver-2.39.0.jar:na]
	at org.openqa.selenium.htmlunit.HtmlUnitDriver.get(HtmlUnitDriver.java:463) [selenium-htmlunit-driver-2.39.0.jar:na]
	at org.fluentlenium.core.Fluent.goTo(Fluent.java:336) [fluentlenium-core-0.9.2.jar:na]
	at test.IntegrationTest$1.invoke(IntegrationTest.java:37) [test-classes/:na]
	at test.IntegrationTest$1.invoke(IntegrationTest.java:35) [test-classes/:na]
	at play.test.Helpers.running(Helpers.java:555) [play-test_2.11-2.3.8.jar:2.3.8]
	at play.test.Helpers.running(Helpers.java:541) [play-test_2.11-2.3.8.jar:2.3.8]
	at test.IntegrationTest.testHome(IntegrationTest.java:35) [test-classes/:na]
	at sun.reflect.NativeMethodAccessorImpl.invoke0(Native Method) ~[na:1.8.0_31]
	at sun.reflect.NativeMethodAccessorImpl.invoke(NativeMethodAccessorImpl.java:62) ~[na:1.8.0_31]
	at sun.reflect.DelegatingMethodAccessorImpl.invoke(DelegatingMethodAccessorImpl.java:43) ~[na:1.8.0_31]
	at java.lang.reflect.Method.invoke(Method.java:483) ~[na:1.8.0_31]
	at org.junit.runners.model.FrameworkMethod$1.runReflectiveCall(FrameworkMethod.java:47) [junit-4.11.jar:na]
	at org.junit.internal.runners.model.ReflectiveCallable.run(ReflectiveCallable.java:12) [junit-4.11.jar:na]
	at org.junit.runners.model.FrameworkMethod.invokeExplosively(FrameworkMethod.java:44) [junit-4.11.jar:na]
	at org.junit.internal.runners.statements.InvokeMethod.evaluate(InvokeMethod.java:17) [junit-4.11.jar:na]
	at org.junit.runners.ParentRunner.runLeaf(ParentRunner.java:271) [junit-4.11.jar:na]
	at org.junit.runners.BlockJUnit4ClassRunner.runChild(BlockJUnit4ClassRunner.java:70) [junit-4.11.jar:na]
	at org.junit.runners.BlockJUnit4ClassRunner.runChild(BlockJUnit4ClassRunner.java:50) [junit-4.11.jar:na]
	at org.junit.runners.ParentRunner$3.run(ParentRunner.java:238) [junit-4.11.jar:na]
	at org.junit.runners.ParentRunner$1.schedule(ParentRunner.java:63) [junit-4.11.jar:na]
	at org.junit.runners.ParentRunner.runChildren(ParentRunner.java:236) [junit-4.11.jar:na]
	at org.junit.runners.ParentRunner.access$000(ParentRunner.java:53) [junit-4.11.jar:na]
	at org.junit.runners.ParentRunner$2.evaluate(ParentRunner.java:229) [junit-4.11.jar:na]
	at org.junit.runners.ParentRunner.run(ParentRunner.java:309) [junit-4.11.jar:na]
	at org.junit.runner.JUnitCore.run(JUnitCore.java:160) [junit-4.11.jar:na]
	at com.intellij.junit4.JUnit4IdeaTestRunner.startRunnerWithArgs(JUnit4IdeaTestRunner.java:74) [junit-rt.jar:na]
	at com.intellij.rt.execution.junit.JUnitStarter.prepareStreamsAndStart(JUnitStarter.java:211) [junit-rt.jar:na]
	at com.intellij.rt.execution.junit.JUnitStarter.main(JUnitStarter.java:67) [junit-rt.jar:na]
	at sun.reflect.NativeMethodAccessorImpl.invoke0(Native Method) ~[na:1.8.0_31]
	at sun.reflect.NativeMethodAccessorImpl.invoke(NativeMethodAccessorImpl.java:62) ~[na:1.8.0_31]
	at sun.reflect.DelegatingMethodAccessorImpl.invoke(DelegatingMethodAccessorImpl.java:43) ~[na:1.8.0_31]
	at java.lang.reflect.Method.invoke(Method.java:483) ~[na:1.8.0_31]
	at com.intellij.rt.execution.application.AppMain.main(AppMain.java:134) [idea_rt.jar:na]

2015-03-08 07:59:42,037 - [ERROR] - from com.gargoylesoftware.htmlunit.html.HtmlPage in main 
Error loading JavaScript from [http://localhost:3333/assets/javascripts/hello.js].
java.io.IOException: Unable to download JavaScript from 'http://localhost:3333/assets/javascripts/hello.js' (status 404).
	at com.gargoylesoftware.htmlunit.html.HtmlPage.loadJavaScriptFromUrl(HtmlPage.java:1106) ~[htmlunit-2.13.jar:2.13]
	at com.gargoylesoftware.htmlunit.html.HtmlPage.loadExternalJavaScriptFile(HtmlPage.java:1039) ~[htmlunit-2.13.jar:2.13]
	at com.gargoylesoftware.htmlunit.html.HtmlScript.executeScriptIfNeeded(HtmlScript.java:409) [htmlunit-2.13.jar:2.13]
	at com.gargoylesoftware.htmlunit.html.HtmlScript$3.execute(HtmlScript.java:266) [htmlunit-2.13.jar:2.13]
	at com.gargoylesoftware.htmlunit.html.HtmlScript.onAllChildrenAddedToPage(HtmlScript.java:286) [htmlunit-2.13.jar:2.13]
	at com.gargoylesoftware.htmlunit.html.HTMLParser$HtmlUnitDOMBuilder.endElement(HTMLParser.java:683) [htmlunit-2.13.jar:2.13]
	at org.apache.xerces.parsers.AbstractSAXParser.endElement(Unknown Source) [xercesImpl-2.11.0.jar:na]
	at com.gargoylesoftware.htmlunit.html.HTMLParser$HtmlUnitDOMBuilder.endElement(HTMLParser.java:642) [htmlunit-2.13.jar:2.13]
	at org.cyberneko.html.HTMLTagBalancer.callEndElement(HTMLTagBalancer.java:1170) [nekohtml-1.9.19.jar:1.9.19]
	at org.cyberneko.html.HTMLTagBalancer.endElement(HTMLTagBalancer.java:1072) [nekohtml-1.9.19.jar:1.9.19]
	at org.cyberneko.html.filters.DefaultFilter.endElement(DefaultFilter.java:206) [nekohtml-1.9.19.jar:na]
	at org.cyberneko.html.filters.NamespaceBinder.endElement(NamespaceBinder.java:330) [nekohtml-1.9.19.jar:na]
	at org.cyberneko.html.HTMLScanner$ContentScanner.scanEndElement(HTMLScanner.java:3116) [nekohtml-1.9.19.jar:1.9.19]
	at org.cyberneko.html.HTMLScanner$ContentScanner.scan(HTMLScanner.java:2083) [nekohtml-1.9.19.jar:1.9.19]
	at org.cyberneko.html.HTMLScanner.scanDocument(HTMLScanner.java:918) [nekohtml-1.9.19.jar:1.9.19]
	at org.cyberneko.html.HTMLConfiguration.parse(HTMLConfiguration.java:499) [nekohtml-1.9.19.jar:1.9.19]
	at org.cyberneko.html.HTMLConfiguration.parse(HTMLConfiguration.java:452) [nekohtml-1.9.19.jar:1.9.19]
	at org.apache.xerces.parsers.XMLParser.parse(Unknown Source) [xercesImpl-2.11.0.jar:na]
	at com.gargoylesoftware.htmlunit.html.HTMLParser$HtmlUnitDOMBuilder.parse(HTMLParser.java:899) [htmlunit-2.13.jar:2.13]
	at com.gargoylesoftware.htmlunit.html.HTMLParser.parse(HTMLParser.java:242) [htmlunit-2.13.jar:2.13]
	at com.gargoylesoftware.htmlunit.html.HTMLParser.parseHtml(HTMLParser.java:188) [htmlunit-2.13.jar:2.13]
	at com.gargoylesoftware.htmlunit.DefaultPageCreator.createHtmlPage(DefaultPageCreator.java:268) [htmlunit-2.13.jar:2.13]
	at com.gargoylesoftware.htmlunit.DefaultPageCreator.createPage(DefaultPageCreator.java:156) [htmlunit-2.13.jar:2.13]
	at com.gargoylesoftware.htmlunit.WebClient.loadWebResponseInto(WebClient.java:437) [htmlunit-2.13.jar:2.13]
	at com.gargoylesoftware.htmlunit.WebClient.getPage(WebClient.java:311) [htmlunit-2.13.jar:2.13]
	at com.gargoylesoftware.htmlunit.WebClient.getPage(WebClient.java:376) [htmlunit-2.13.jar:2.13]
	at org.openqa.selenium.htmlunit.HtmlUnitDriver.get(HtmlUnitDriver.java:474) [selenium-htmlunit-driver-2.39.0.jar:na]
	at org.openqa.selenium.htmlunit.HtmlUnitDriver.get(HtmlUnitDriver.java:463) [selenium-htmlunit-driver-2.39.0.jar:na]
	at org.fluentlenium.core.Fluent.goTo(Fluent.java:336) [fluentlenium-core-0.9.2.jar:na]
	at test.IntegrationTest$1.invoke(IntegrationTest.java:40) [test-classes/:na]
	at test.IntegrationTest$1.invoke(IntegrationTest.java:35) [test-classes/:na]
	at play.test.Helpers.running(Helpers.java:555) [play-test_2.11-2.3.8.jar:2.3.8]
	at play.test.Helpers.running(Helpers.java:541) [play-test_2.11-2.3.8.jar:2.3.8]
	at test.IntegrationTest.testHome(IntegrationTest.java:35) [test-classes/:na]
	at sun.reflect.NativeMethodAccessorImpl.invoke0(Native Method) ~[na:1.8.0_31]
	at sun.reflect.NativeMethodAccessorImpl.invoke(NativeMethodAccessorImpl.java:62) ~[na:1.8.0_31]
	at sun.reflect.DelegatingMethodAccessorImpl.invoke(DelegatingMethodAccessorImpl.java:43) ~[na:1.8.0_31]
	at java.lang.reflect.Method.invoke(Method.java:483) ~[na:1.8.0_31]
	at org.junit.runners.model.FrameworkMethod$1.runReflectiveCall(FrameworkMethod.java:47) [junit-4.11.jar:na]
	at org.junit.internal.runners.model.ReflectiveCallable.run(ReflectiveCallable.java:12) [junit-4.11.jar:na]
	at org.junit.runners.model.FrameworkMethod.invokeExplosively(FrameworkMethod.java:44) [junit-4.11.jar:na]
	at org.junit.internal.runners.statements.InvokeMethod.evaluate(InvokeMethod.java:17) [junit-4.11.jar:na]
	at org.junit.runners.ParentRunner.runLeaf(ParentRunner.java:271) [junit-4.11.jar:na]
	at org.junit.runners.BlockJUnit4ClassRunner.runChild(BlockJUnit4ClassRunner.java:70) [junit-4.11.jar:na]
	at org.junit.runners.BlockJUnit4ClassRunner.runChild(BlockJUnit4ClassRunner.java:50) [junit-4.11.jar:na]
	at org.junit.runners.ParentRunner$3.run(ParentRunner.java:238) [junit-4.11.jar:na]
	at org.junit.runners.ParentRunner$1.schedule(ParentRunner.java:63) [junit-4.11.jar:na]
	at org.junit.runners.ParentRunner.runChildren(ParentRunner.java:236) [junit-4.11.jar:na]
	at org.junit.runners.ParentRunner.access$000(ParentRunner.java:53) [junit-4.11.jar:na]
	at org.junit.runners.ParentRunner$2.evaluate(ParentRunner.java:229) [junit-4.11.jar:na]
	at org.junit.runners.ParentRunner.run(ParentRunner.java:309) [junit-4.11.jar:na]
	at org.junit.runner.JUnitCore.run(JUnitCore.java:160) [junit-4.11.jar:na]
	at com.intellij.junit4.JUnit4IdeaTestRunner.startRunnerWithArgs(JUnit4IdeaTestRunner.java:74) [junit-rt.jar:na]
	at com.intellij.rt.execution.junit.JUnitStarter.prepareStreamsAndStart(JUnitStarter.java:211) [junit-rt.jar:na]
	at com.intellij.rt.execution.junit.JUnitStarter.main(JUnitStarter.java:67) [junit-rt.jar:na]
	at sun.reflect.NativeMethodAccessorImpl.invoke0(Native Method) ~[na:1.8.0_31]
	at sun.reflect.NativeMethodAccessorImpl.invoke(NativeMethodAccessorImpl.java:62) ~[na:1.8.0_31]
	at sun.reflect.DelegatingMethodAccessorImpl.invoke(DelegatingMethodAccessorImpl.java:43) ~[na:1.8.0_31]
	at java.lang.reflect.Method.invoke(Method.java:483) ~[na:1.8.0_31]
	at com.intellij.rt.execution.application.AppMain.main(AppMain.java:134) [idea_rt.jar:na]

2015-03-08 07:59:42,222 - [ERROR] - from com.gargoylesoftware.htmlunit.html.HtmlPage in main 
Error loading JavaScript from [http://localhost:3333/assets/javascripts/hello.js].
java.io.IOException: Unable to download JavaScript from 'http://localhost:3333/assets/javascripts/hello.js' (status 404).
	at com.gargoylesoftware.htmlunit.html.HtmlPage.loadJavaScriptFromUrl(HtmlPage.java:1106) ~[htmlunit-2.13.jar:2.13]
	at com.gargoylesoftware.htmlunit.html.HtmlPage.loadExternalJavaScriptFile(HtmlPage.java:1039) ~[htmlunit-2.13.jar:2.13]
	at com.gargoylesoftware.htmlunit.html.HtmlScript.executeScriptIfNeeded(HtmlScript.java:409) [htmlunit-2.13.jar:2.13]
	at com.gargoylesoftware.htmlunit.html.HtmlScript$3.execute(HtmlScript.java:266) [htmlunit-2.13.jar:2.13]
	at com.gargoylesoftware.htmlunit.html.HtmlScript.onAllChildrenAddedToPage(HtmlScript.java:286) [htmlunit-2.13.jar:2.13]
	at com.gargoylesoftware.htmlunit.html.HTMLParser$HtmlUnitDOMBuilder.endElement(HTMLParser.java:683) [htmlunit-2.13.jar:2.13]
	at org.apache.xerces.parsers.AbstractSAXParser.endElement(Unknown Source) [xercesImpl-2.11.0.jar:na]
	at com.gargoylesoftware.htmlunit.html.HTMLParser$HtmlUnitDOMBuilder.endElement(HTMLParser.java:642) [htmlunit-2.13.jar:2.13]
	at org.cyberneko.html.HTMLTagBalancer.callEndElement(HTMLTagBalancer.java:1170) [nekohtml-1.9.19.jar:1.9.19]
	at org.cyberneko.html.HTMLTagBalancer.endElement(HTMLTagBalancer.java:1072) [nekohtml-1.9.19.jar:1.9.19]
	at org.cyberneko.html.filters.DefaultFilter.endElement(DefaultFilter.java:206) [nekohtml-1.9.19.jar:na]
	at org.cyberneko.html.filters.NamespaceBinder.endElement(NamespaceBinder.java:330) [nekohtml-1.9.19.jar:na]
	at org.cyberneko.html.HTMLScanner$ContentScanner.scanEndElement(HTMLScanner.java:3116) [nekohtml-1.9.19.jar:1.9.19]
	at org.cyberneko.html.HTMLScanner$ContentScanner.scan(HTMLScanner.java:2083) [nekohtml-1.9.19.jar:1.9.19]
	at org.cyberneko.html.HTMLScanner.scanDocument(HTMLScanner.java:918) [nekohtml-1.9.19.jar:1.9.19]
	at org.cyberneko.html.HTMLConfiguration.parse(HTMLConfiguration.java:499) [nekohtml-1.9.19.jar:1.9.19]
	at org.cyberneko.html.HTMLConfiguration.parse(HTMLConfiguration.java:452) [nekohtml-1.9.19.jar:1.9.19]
	at org.apache.xerces.parsers.XMLParser.parse(Unknown Source) [xercesImpl-2.11.0.jar:na]
	at com.gargoylesoftware.htmlunit.html.HTMLParser$HtmlUnitDOMBuilder.parse(HTMLParser.java:899) [htmlunit-2.13.jar:2.13]
	at com.gargoylesoftware.htmlunit.html.HTMLParser.parse(HTMLParser.java:242) [htmlunit-2.13.jar:2.13]
	at com.gargoylesoftware.htmlunit.html.HTMLParser.parseHtml(HTMLParser.java:188) [htmlunit-2.13.jar:2.13]
	at com.gargoylesoftware.htmlunit.DefaultPageCreator.createHtmlPage(DefaultPageCreator.java:268) [htmlunit-2.13.jar:2.13]
	at com.gargoylesoftware.htmlunit.DefaultPageCreator.createPage(DefaultPageCreator.java:156) [htmlunit-2.13.jar:2.13]
	at com.gargoylesoftware.htmlunit.WebClient.loadWebResponseInto(WebClient.java:437) [htmlunit-2.13.jar:2.13]
	at com.gargoylesoftware.htmlunit.WebClient.getPage(WebClient.java:311) [htmlunit-2.13.jar:2.13]
	at com.gargoylesoftware.htmlunit.WebClient.getPage(WebClient.java:376) [htmlunit-2.13.jar:2.13]
	at org.openqa.selenium.htmlunit.HtmlUnitDriver.get(HtmlUnitDriver.java:474) [selenium-htmlunit-driver-2.39.0.jar:na]
	at org.openqa.selenium.htmlunit.HtmlUnitDriver.get(HtmlUnitDriver.java:463) [selenium-htmlunit-driver-2.39.0.jar:na]
	at org.fluentlenium.core.Fluent.goTo(Fluent.java:336) [fluentlenium-core-0.9.2.jar:na]
	at test.IntegrationTest$5.invoke(IntegrationTest.java:96) [test-classes/:na]
	at test.IntegrationTest$5.invoke(IntegrationTest.java:94) [test-classes/:na]
	at play.test.Helpers.running(Helpers.java:555) [play-test_2.11-2.3.8.jar:2.3.8]
	at play.test.Helpers.running(Helpers.java:541) [play-test_2.11-2.3.8.jar:2.3.8]
	at test.IntegrationTest.testContact(IntegrationTest.java:94) [test-classes/:na]
	at sun.reflect.NativeMethodAccessorImpl.invoke0(Native Method) ~[na:1.8.0_31]
	at sun.reflect.NativeMethodAccessorImpl.invoke(NativeMethodAccessorImpl.java:62) ~[na:1.8.0_31]
	at sun.reflect.DelegatingMethodAccessorImpl.invoke(DelegatingMethodAccessorImpl.java:43) ~[na:1.8.0_31]
	at java.lang.reflect.Method.invoke(Method.java:483) ~[na:1.8.0_31]
	at org.junit.runners.model.FrameworkMethod$1.runReflectiveCall(FrameworkMethod.java:47) [junit-4.11.jar:na]
	at org.junit.internal.runners.model.ReflectiveCallable.run(ReflectiveCallable.java:12) [junit-4.11.jar:na]
	at org.junit.runners.model.FrameworkMethod.invokeExplosively(FrameworkMethod.java:44) [junit-4.11.jar:na]
	at org.junit.internal.runners.statements.InvokeMethod.evaluate(InvokeMethod.java:17) [junit-4.11.jar:na]
	at org.junit.runners.ParentRunner.runLeaf(ParentRunner.java:271) [junit-4.11.jar:na]
	at org.junit.runners.BlockJUnit4ClassRunner.runChild(BlockJUnit4ClassRunner.java:70) [junit-4.11.jar:na]
	at org.junit.runners.BlockJUnit4ClassRunner.runChild(BlockJUnit4ClassRunner.java:50) [junit-4.11.jar:na]
	at org.junit.runners.ParentRunner$3.run(ParentRunner.java:238) [junit-4.11.jar:na]
	at org.junit.runners.ParentRunner$1.schedule(ParentRunner.java:63) [junit-4.11.jar:na]
	at org.junit.runners.ParentRunner.runChildren(ParentRunner.java:236) [junit-4.11.jar:na]
	at org.junit.runners.ParentRunner.access$000(ParentRunner.java:53) [junit-4.11.jar:na]
	at org.junit.runners.ParentRunner$2.evaluate(ParentRunner.java:229) [junit-4.11.jar:na]
	at org.junit.runners.ParentRunner.run(ParentRunner.java:309) [junit-4.11.jar:na]
	at org.junit.runner.JUnitCore.run(JUnitCore.java:160) [junit-4.11.jar:na]
	at com.intellij.junit4.JUnit4IdeaTestRunner.startRunnerWithArgs(JUnit4IdeaTestRunner.java:74) [junit-rt.jar:na]
	at com.intellij.rt.execution.junit.JUnitStarter.prepareStreamsAndStart(JUnitStarter.java:211) [junit-rt.jar:na]
	at com.intellij.rt.execution.junit.JUnitStarter.main(JUnitStarter.java:67) [junit-rt.jar:na]
	at sun.reflect.NativeMethodAccessorImpl.invoke0(Native Method) ~[na:1.8.0_31]
	at sun.reflect.NativeMethodAccessorImpl.invoke(NativeMethodAccessorImpl.java:62) ~[na:1.8.0_31]
	at sun.reflect.DelegatingMethodAccessorImpl.invoke(DelegatingMethodAccessorImpl.java:43) ~[na:1.8.0_31]
	at java.lang.reflect.Method.invoke(Method.java:483) ~[na:1.8.0_31]
	at com.intellij.rt.execution.application.AppMain.main(AppMain.java:134) [idea_rt.jar:na]

2015-03-08 08:11:38,258 - [ERROR] - from com.gargoylesoftware.htmlunit.html.HtmlPage in main 
Error loading JavaScript from [http://localhost:3333/assets/../../public/javascripts/main.js].
java.io.IOException: Unable to download JavaScript from 'http://localhost:3333/assets/../../public/javascripts/main.js' (status 404).
	at com.gargoylesoftware.htmlunit.html.HtmlPage.loadJavaScriptFromUrl(HtmlPage.java:1106) ~[htmlunit-2.13.jar:2.13]
	at com.gargoylesoftware.htmlunit.html.HtmlPage.loadExternalJavaScriptFile(HtmlPage.java:1039) ~[htmlunit-2.13.jar:2.13]
	at com.gargoylesoftware.htmlunit.html.HtmlScript.executeScriptIfNeeded(HtmlScript.java:409) [htmlunit-2.13.jar:2.13]
	at com.gargoylesoftware.htmlunit.html.HtmlScript$3.execute(HtmlScript.java:266) [htmlunit-2.13.jar:2.13]
	at com.gargoylesoftware.htmlunit.html.HtmlScript.onAllChildrenAddedToPage(HtmlScript.java:286) [htmlunit-2.13.jar:2.13]
	at com.gargoylesoftware.htmlunit.html.HTMLParser$HtmlUnitDOMBuilder.endElement(HTMLParser.java:683) [htmlunit-2.13.jar:2.13]
	at org.apache.xerces.parsers.AbstractSAXParser.endElement(Unknown Source) [xercesImpl-2.11.0.jar:na]
	at com.gargoylesoftware.htmlunit.html.HTMLParser$HtmlUnitDOMBuilder.endElement(HTMLParser.java:642) [htmlunit-2.13.jar:2.13]
	at org.cyberneko.html.HTMLTagBalancer.callEndElement(HTMLTagBalancer.java:1170) [nekohtml-1.9.19.jar:1.9.19]
	at org.cyberneko.html.HTMLTagBalancer.endElement(HTMLTagBalancer.java:1072) [nekohtml-1.9.19.jar:1.9.19]
	at org.cyberneko.html.filters.DefaultFilter.endElement(DefaultFilter.java:206) [nekohtml-1.9.19.jar:na]
	at org.cyberneko.html.filters.NamespaceBinder.endElement(NamespaceBinder.java:330) [nekohtml-1.9.19.jar:na]
	at org.cyberneko.html.HTMLScanner$ContentScanner.scanEndElement(HTMLScanner.java:3116) [nekohtml-1.9.19.jar:1.9.19]
	at org.cyberneko.html.HTMLScanner$ContentScanner.scan(HTMLScanner.java:2083) [nekohtml-1.9.19.jar:1.9.19]
	at org.cyberneko.html.HTMLScanner.scanDocument(HTMLScanner.java:918) [nekohtml-1.9.19.jar:1.9.19]
	at org.cyberneko.html.HTMLConfiguration.parse(HTMLConfiguration.java:499) [nekohtml-1.9.19.jar:1.9.19]
	at org.cyberneko.html.HTMLConfiguration.parse(HTMLConfiguration.java:452) [nekohtml-1.9.19.jar:1.9.19]
	at org.apache.xerces.parsers.XMLParser.parse(Unknown Source) [xercesImpl-2.11.0.jar:na]
	at com.gargoylesoftware.htmlunit.html.HTMLParser$HtmlUnitDOMBuilder.parse(HTMLParser.java:899) [htmlunit-2.13.jar:2.13]
	at com.gargoylesoftware.htmlunit.html.HTMLParser.parse(HTMLParser.java:242) [htmlunit-2.13.jar:2.13]
	at com.gargoylesoftware.htmlunit.html.HTMLParser.parseHtml(HTMLParser.java:188) [htmlunit-2.13.jar:2.13]
	at com.gargoylesoftware.htmlunit.DefaultPageCreator.createHtmlPage(DefaultPageCreator.java:268) [htmlunit-2.13.jar:2.13]
	at com.gargoylesoftware.htmlunit.DefaultPageCreator.createPage(DefaultPageCreator.java:156) [htmlunit-2.13.jar:2.13]
	at com.gargoylesoftware.htmlunit.WebClient.loadWebResponseInto(WebClient.java:437) [htmlunit-2.13.jar:2.13]
	at com.gargoylesoftware.htmlunit.WebClient.getPage(WebClient.java:311) [htmlunit-2.13.jar:2.13]
	at com.gargoylesoftware.htmlunit.WebClient.getPage(WebClient.java:376) [htmlunit-2.13.jar:2.13]
	at org.openqa.selenium.htmlunit.HtmlUnitDriver.get(HtmlUnitDriver.java:474) [selenium-htmlunit-driver-2.39.0.jar:na]
	at org.openqa.selenium.htmlunit.HtmlUnitDriver.get(HtmlUnitDriver.java:463) [selenium-htmlunit-driver-2.39.0.jar:na]
	at org.fluentlenium.core.Fluent.goTo(Fluent.java:336) [fluentlenium-core-0.9.2.jar:na]
	at test.IntegrationTest$4.invoke(IntegrationTest.java:87) [test-classes/:na]
	at test.IntegrationTest$4.invoke(IntegrationTest.java:85) [test-classes/:na]
	at play.test.Helpers.running(Helpers.java:555) [play-test_2.11-2.3.8.jar:2.3.8]
	at play.test.Helpers.running(Helpers.java:541) [play-test_2.11-2.3.8.jar:2.3.8]
	at test.IntegrationTest.testAbout(IntegrationTest.java:85) [test-classes/:na]
	at sun.reflect.NativeMethodAccessorImpl.invoke0(Native Method) ~[na:1.8.0_31]
	at sun.reflect.NativeMethodAccessorImpl.invoke(NativeMethodAccessorImpl.java:62) ~[na:1.8.0_31]
	at sun.reflect.DelegatingMethodAccessorImpl.invoke(DelegatingMethodAccessorImpl.java:43) ~[na:1.8.0_31]
	at java.lang.reflect.Method.invoke(Method.java:483) ~[na:1.8.0_31]
	at org.junit.runners.model.FrameworkMethod$1.runReflectiveCall(FrameworkMethod.java:47) [junit-4.11.jar:na]
	at org.junit.internal.runners.model.ReflectiveCallable.run(ReflectiveCallable.java:12) [junit-4.11.jar:na]
	at org.junit.runners.model.FrameworkMethod.invokeExplosively(FrameworkMethod.java:44) [junit-4.11.jar:na]
	at org.junit.internal.runners.statements.InvokeMethod.evaluate(InvokeMethod.java:17) [junit-4.11.jar:na]
	at org.junit.runners.ParentRunner.runLeaf(ParentRunner.java:271) [junit-4.11.jar:na]
	at org.junit.runners.BlockJUnit4ClassRunner.runChild(BlockJUnit4ClassRunner.java:70) [junit-4.11.jar:na]
	at org.junit.runners.BlockJUnit4ClassRunner.runChild(BlockJUnit4ClassRunner.java:50) [junit-4.11.jar:na]
	at org.junit.runners.ParentRunner$3.run(ParentRunner.java:238) [junit-4.11.jar:na]
	at org.junit.runners.ParentRunner$1.schedule(ParentRunner.java:63) [junit-4.11.jar:na]
	at org.junit.runners.ParentRunner.runChildren(ParentRunner.java:236) [junit-4.11.jar:na]
	at org.junit.runners.ParentRunner.access$000(ParentRunner.java:53) [junit-4.11.jar:na]
	at org.junit.runners.ParentRunner$2.evaluate(ParentRunner.java:229) [junit-4.11.jar:na]
	at org.junit.runners.ParentRunner.run(ParentRunner.java:309) [junit-4.11.jar:na]
	at org.junit.runner.JUnitCore.run(JUnitCore.java:160) [junit-4.11.jar:na]
	at com.intellij.junit4.JUnit4IdeaTestRunner.startRunnerWithArgs(JUnit4IdeaTestRunner.java:74) [junit-rt.jar:na]
	at com.intellij.rt.execution.junit.JUnitStarter.prepareStreamsAndStart(JUnitStarter.java:211) [junit-rt.jar:na]
	at com.intellij.rt.execution.junit.JUnitStarter.main(JUnitStarter.java:67) [junit-rt.jar:na]
	at sun.reflect.NativeMethodAccessorImpl.invoke0(Native Method) ~[na:1.8.0_31]
	at sun.reflect.NativeMethodAccessorImpl.invoke(NativeMethodAccessorImpl.java:62) ~[na:1.8.0_31]
	at sun.reflect.DelegatingMethodAccessorImpl.invoke(DelegatingMethodAccessorImpl.java:43) ~[na:1.8.0_31]
	at java.lang.reflect.Method.invoke(Method.java:483) ~[na:1.8.0_31]
	at com.intellij.rt.execution.application.AppMain.main(AppMain.java:134) [idea_rt.jar:na]

2015-03-08 08:11:40,001 - [ERROR] - from com.gargoylesoftware.htmlunit.html.HtmlPage in main 
Error loading JavaScript from [http://localhost:3333/assets/../../public/javascripts/main.js].
java.io.IOException: Unable to download JavaScript from 'http://localhost:3333/assets/../../public/javascripts/main.js' (status 404).
	at com.gargoylesoftware.htmlunit.html.HtmlPage.loadJavaScriptFromUrl(HtmlPage.java:1106) ~[htmlunit-2.13.jar:2.13]
	at com.gargoylesoftware.htmlunit.html.HtmlPage.loadExternalJavaScriptFile(HtmlPage.java:1039) ~[htmlunit-2.13.jar:2.13]
	at com.gargoylesoftware.htmlunit.html.HtmlScript.executeScriptIfNeeded(HtmlScript.java:409) [htmlunit-2.13.jar:2.13]
	at com.gargoylesoftware.htmlunit.html.HtmlScript$3.execute(HtmlScript.java:266) [htmlunit-2.13.jar:2.13]
	at com.gargoylesoftware.htmlunit.html.HtmlScript.onAllChildrenAddedToPage(HtmlScript.java:286) [htmlunit-2.13.jar:2.13]
	at com.gargoylesoftware.htmlunit.html.HTMLParser$HtmlUnitDOMBuilder.endElement(HTMLParser.java:683) [htmlunit-2.13.jar:2.13]
	at org.apache.xerces.parsers.AbstractSAXParser.endElement(Unknown Source) [xercesImpl-2.11.0.jar:na]
	at com.gargoylesoftware.htmlunit.html.HTMLParser$HtmlUnitDOMBuilder.endElement(HTMLParser.java:642) [htmlunit-2.13.jar:2.13]
	at org.cyberneko.html.HTMLTagBalancer.callEndElement(HTMLTagBalancer.java:1170) [nekohtml-1.9.19.jar:1.9.19]
	at org.cyberneko.html.HTMLTagBalancer.endElement(HTMLTagBalancer.java:1072) [nekohtml-1.9.19.jar:1.9.19]
	at org.cyberneko.html.filters.DefaultFilter.endElement(DefaultFilter.java:206) [nekohtml-1.9.19.jar:na]
	at org.cyberneko.html.filters.NamespaceBinder.endElement(NamespaceBinder.java:330) [nekohtml-1.9.19.jar:na]
	at org.cyberneko.html.HTMLScanner$ContentScanner.scanEndElement(HTMLScanner.java:3116) [nekohtml-1.9.19.jar:1.9.19]
	at org.cyberneko.html.HTMLScanner$ContentScanner.scan(HTMLScanner.java:2083) [nekohtml-1.9.19.jar:1.9.19]
	at org.cyberneko.html.HTMLScanner.scanDocument(HTMLScanner.java:918) [nekohtml-1.9.19.jar:1.9.19]
	at org.cyberneko.html.HTMLConfiguration.parse(HTMLConfiguration.java:499) [nekohtml-1.9.19.jar:1.9.19]
	at org.cyberneko.html.HTMLConfiguration.parse(HTMLConfiguration.java:452) [nekohtml-1.9.19.jar:1.9.19]
	at org.apache.xerces.parsers.XMLParser.parse(Unknown Source) [xercesImpl-2.11.0.jar:na]
	at com.gargoylesoftware.htmlunit.html.HTMLParser$HtmlUnitDOMBuilder.parse(HTMLParser.java:899) [htmlunit-2.13.jar:2.13]
	at com.gargoylesoftware.htmlunit.html.HTMLParser.parse(HTMLParser.java:242) [htmlunit-2.13.jar:2.13]
	at com.gargoylesoftware.htmlunit.html.HTMLParser.parseHtml(HTMLParser.java:188) [htmlunit-2.13.jar:2.13]
	at com.gargoylesoftware.htmlunit.DefaultPageCreator.createHtmlPage(DefaultPageCreator.java:268) [htmlunit-2.13.jar:2.13]
	at com.gargoylesoftware.htmlunit.DefaultPageCreator.createPage(DefaultPageCreator.java:156) [htmlunit-2.13.jar:2.13]
	at com.gargoylesoftware.htmlunit.WebClient.loadWebResponseInto(WebClient.java:437) [htmlunit-2.13.jar:2.13]
	at com.gargoylesoftware.htmlunit.WebClient.getPage(WebClient.java:311) [htmlunit-2.13.jar:2.13]
	at com.gargoylesoftware.htmlunit.WebClient.getPage(WebClient.java:376) [htmlunit-2.13.jar:2.13]
	at org.openqa.selenium.htmlunit.HtmlUnitDriver.get(HtmlUnitDriver.java:474) [selenium-htmlunit-driver-2.39.0.jar:na]
	at org.openqa.selenium.htmlunit.HtmlUnitDriver.get(HtmlUnitDriver.java:463) [selenium-htmlunit-driver-2.39.0.jar:na]
	at org.fluentlenium.core.Fluent.goTo(Fluent.java:336) [fluentlenium-core-0.9.2.jar:na]
	at test.IntegrationTest$2.invoke(IntegrationTest.java:59) [test-classes/:na]
	at test.IntegrationTest$2.invoke(IntegrationTest.java:57) [test-classes/:na]
	at play.test.Helpers.running(Helpers.java:555) [play-test_2.11-2.3.8.jar:2.3.8]
	at play.test.Helpers.running(Helpers.java:541) [play-test_2.11-2.3.8.jar:2.3.8]
	at test.IntegrationTest.testPage1(IntegrationTest.java:57) [test-classes/:na]
	at sun.reflect.NativeMethodAccessorImpl.invoke0(Native Method) ~[na:1.8.0_31]
	at sun.reflect.NativeMethodAccessorImpl.invoke(NativeMethodAccessorImpl.java:62) ~[na:1.8.0_31]
	at sun.reflect.DelegatingMethodAccessorImpl.invoke(DelegatingMethodAccessorImpl.java:43) ~[na:1.8.0_31]
	at java.lang.reflect.Method.invoke(Method.java:483) ~[na:1.8.0_31]
	at org.junit.runners.model.FrameworkMethod$1.runReflectiveCall(FrameworkMethod.java:47) [junit-4.11.jar:na]
	at org.junit.internal.runners.model.ReflectiveCallable.run(ReflectiveCallable.java:12) [junit-4.11.jar:na]
	at org.junit.runners.model.FrameworkMethod.invokeExplosively(FrameworkMethod.java:44) [junit-4.11.jar:na]
	at org.junit.internal.runners.statements.InvokeMethod.evaluate(InvokeMethod.java:17) [junit-4.11.jar:na]
	at org.junit.runners.ParentRunner.runLeaf(ParentRunner.java:271) [junit-4.11.jar:na]
	at org.junit.runners.BlockJUnit4ClassRunner.runChild(BlockJUnit4ClassRunner.java:70) [junit-4.11.jar:na]
	at org.junit.runners.BlockJUnit4ClassRunner.runChild(BlockJUnit4ClassRunner.java:50) [junit-4.11.jar:na]
	at org.junit.runners.ParentRunner$3.run(ParentRunner.java:238) [junit-4.11.jar:na]
	at org.junit.runners.ParentRunner$1.schedule(ParentRunner.java:63) [junit-4.11.jar:na]
	at org.junit.runners.ParentRunner.runChildren(ParentRunner.java:236) [junit-4.11.jar:na]
	at org.junit.runners.ParentRunner.access$000(ParentRunner.java:53) [junit-4.11.jar:na]
	at org.junit.runners.ParentRunner$2.evaluate(ParentRunner.java:229) [junit-4.11.jar:na]
	at org.junit.runners.ParentRunner.run(ParentRunner.java:309) [junit-4.11.jar:na]
	at org.junit.runner.JUnitCore.run(JUnitCore.java:160) [junit-4.11.jar:na]
	at com.intellij.junit4.JUnit4IdeaTestRunner.startRunnerWithArgs(JUnit4IdeaTestRunner.java:74) [junit-rt.jar:na]
	at com.intellij.rt.execution.junit.JUnitStarter.prepareStreamsAndStart(JUnitStarter.java:211) [junit-rt.jar:na]
	at com.intellij.rt.execution.junit.JUnitStarter.main(JUnitStarter.java:67) [junit-rt.jar:na]
	at sun.reflect.NativeMethodAccessorImpl.invoke0(Native Method) ~[na:1.8.0_31]
	at sun.reflect.NativeMethodAccessorImpl.invoke(NativeMethodAccessorImpl.java:62) ~[na:1.8.0_31]
	at sun.reflect.DelegatingMethodAccessorImpl.invoke(DelegatingMethodAccessorImpl.java:43) ~[na:1.8.0_31]
	at java.lang.reflect.Method.invoke(Method.java:483) ~[na:1.8.0_31]
	at com.intellij.rt.execution.application.AppMain.main(AppMain.java:134) [idea_rt.jar:na]

2015-03-08 08:11:41,092 - [ERROR] - from com.gargoylesoftware.htmlunit.html.HtmlPage in main 
Error loading JavaScript from [http://localhost:3333/assets/../../public/javascripts/main.js].
java.io.IOException: Unable to download JavaScript from 'http://localhost:3333/assets/../../public/javascripts/main.js' (status 404).
	at com.gargoylesoftware.htmlunit.html.HtmlPage.loadJavaScriptFromUrl(HtmlPage.java:1106) ~[htmlunit-2.13.jar:2.13]
	at com.gargoylesoftware.htmlunit.html.HtmlPage.loadExternalJavaScriptFile(HtmlPage.java:1039) ~[htmlunit-2.13.jar:2.13]
	at com.gargoylesoftware.htmlunit.html.HtmlScript.executeScriptIfNeeded(HtmlScript.java:409) [htmlunit-2.13.jar:2.13]
	at com.gargoylesoftware.htmlunit.html.HtmlScript$3.execute(HtmlScript.java:266) [htmlunit-2.13.jar:2.13]
	at com.gargoylesoftware.htmlunit.html.HtmlScript.onAllChildrenAddedToPage(HtmlScript.java:286) [htmlunit-2.13.jar:2.13]
	at com.gargoylesoftware.htmlunit.html.HTMLParser$HtmlUnitDOMBuilder.endElement(HTMLParser.java:683) [htmlunit-2.13.jar:2.13]
	at org.apache.xerces.parsers.AbstractSAXParser.endElement(Unknown Source) [xercesImpl-2.11.0.jar:na]
	at com.gargoylesoftware.htmlunit.html.HTMLParser$HtmlUnitDOMBuilder.endElement(HTMLParser.java:642) [htmlunit-2.13.jar:2.13]
	at org.cyberneko.html.HTMLTagBalancer.callEndElement(HTMLTagBalancer.java:1170) [nekohtml-1.9.19.jar:1.9.19]
	at org.cyberneko.html.HTMLTagBalancer.endElement(HTMLTagBalancer.java:1072) [nekohtml-1.9.19.jar:1.9.19]
	at org.cyberneko.html.filters.DefaultFilter.endElement(DefaultFilter.java:206) [nekohtml-1.9.19.jar:na]
	at org.cyberneko.html.filters.NamespaceBinder.endElement(NamespaceBinder.java:330) [nekohtml-1.9.19.jar:na]
	at org.cyberneko.html.HTMLScanner$ContentScanner.scanEndElement(HTMLScanner.java:3116) [nekohtml-1.9.19.jar:1.9.19]
	at org.cyberneko.html.HTMLScanner$ContentScanner.scan(HTMLScanner.java:2083) [nekohtml-1.9.19.jar:1.9.19]
	at org.cyberneko.html.HTMLScanner.scanDocument(HTMLScanner.java:918) [nekohtml-1.9.19.jar:1.9.19]
	at org.cyberneko.html.HTMLConfiguration.parse(HTMLConfiguration.java:499) [nekohtml-1.9.19.jar:1.9.19]
	at org.cyberneko.html.HTMLConfiguration.parse(HTMLConfiguration.java:452) [nekohtml-1.9.19.jar:1.9.19]
	at org.apache.xerces.parsers.XMLParser.parse(Unknown Source) [xercesImpl-2.11.0.jar:na]
	at com.gargoylesoftware.htmlunit.html.HTMLParser$HtmlUnitDOMBuilder.parse(HTMLParser.java:899) [htmlunit-2.13.jar:2.13]
	at com.gargoylesoftware.htmlunit.html.HTMLParser.parse(HTMLParser.java:242) [htmlunit-2.13.jar:2.13]
	at com.gargoylesoftware.htmlunit.html.HTMLParser.parseHtml(HTMLParser.java:188) [htmlunit-2.13.jar:2.13]
	at com.gargoylesoftware.htmlunit.DefaultPageCreator.createHtmlPage(DefaultPageCreator.java:268) [htmlunit-2.13.jar:2.13]
	at com.gargoylesoftware.htmlunit.DefaultPageCreator.createPage(DefaultPageCreator.java:156) [htmlunit-2.13.jar:2.13]
	at com.gargoylesoftware.htmlunit.WebClient.loadWebResponseInto(WebClient.java:437) [htmlunit-2.13.jar:2.13]
	at com.gargoylesoftware.htmlunit.WebClient.getPage(WebClient.java:311) [htmlunit-2.13.jar:2.13]
	at com.gargoylesoftware.htmlunit.WebClient.getPage(WebClient.java:376) [htmlunit-2.13.jar:2.13]
	at org.openqa.selenium.htmlunit.HtmlUnitDriver.get(HtmlUnitDriver.java:474) [selenium-htmlunit-driver-2.39.0.jar:na]
	at org.openqa.selenium.htmlunit.HtmlUnitDriver.get(HtmlUnitDriver.java:463) [selenium-htmlunit-driver-2.39.0.jar:na]
	at org.fluentlenium.core.Fluent.goTo(Fluent.java:336) [fluentlenium-core-0.9.2.jar:na]
	at test.IntegrationTest$3.invoke(IntegrationTest.java:73) [test-classes/:na]
	at test.IntegrationTest$3.invoke(IntegrationTest.java:71) [test-classes/:na]
	at play.test.Helpers.running(Helpers.java:555) [play-test_2.11-2.3.8.jar:2.3.8]
	at play.test.Helpers.running(Helpers.java:541) [play-test_2.11-2.3.8.jar:2.3.8]
	at test.IntegrationTest.testPage2(IntegrationTest.java:71) [test-classes/:na]
	at sun.reflect.NativeMethodAccessorImpl.invoke0(Native Method) ~[na:1.8.0_31]
	at sun.reflect.NativeMethodAccessorImpl.invoke(NativeMethodAccessorImpl.java:62) ~[na:1.8.0_31]
	at sun.reflect.DelegatingMethodAccessorImpl.invoke(DelegatingMethodAccessorImpl.java:43) ~[na:1.8.0_31]
	at java.lang.reflect.Method.invoke(Method.java:483) ~[na:1.8.0_31]
	at org.junit.runners.model.FrameworkMethod$1.runReflectiveCall(FrameworkMethod.java:47) [junit-4.11.jar:na]
	at org.junit.internal.runners.model.ReflectiveCallable.run(ReflectiveCallable.java:12) [junit-4.11.jar:na]
	at org.junit.runners.model.FrameworkMethod.invokeExplosively(FrameworkMethod.java:44) [junit-4.11.jar:na]
	at org.junit.internal.runners.statements.InvokeMethod.evaluate(InvokeMethod.java:17) [junit-4.11.jar:na]
	at org.junit.runners.ParentRunner.runLeaf(ParentRunner.java:271) [junit-4.11.jar:na]
	at org.junit.runners.BlockJUnit4ClassRunner.runChild(BlockJUnit4ClassRunner.java:70) [junit-4.11.jar:na]
	at org.junit.runners.BlockJUnit4ClassRunner.runChild(BlockJUnit4ClassRunner.java:50) [junit-4.11.jar:na]
	at org.junit.runners.ParentRunner$3.run(ParentRunner.java:238) [junit-4.11.jar:na]
	at org.junit.runners.ParentRunner$1.schedule(ParentRunner.java:63) [junit-4.11.jar:na]
	at org.junit.runners.ParentRunner.runChildren(ParentRunner.java:236) [junit-4.11.jar:na]
	at org.junit.runners.ParentRunner.access$000(ParentRunner.java:53) [junit-4.11.jar:na]
	at org.junit.runners.ParentRunner$2.evaluate(ParentRunner.java:229) [junit-4.11.jar:na]
	at org.junit.runners.ParentRunner.run(ParentRunner.java:309) [junit-4.11.jar:na]
	at org.junit.runner.JUnitCore.run(JUnitCore.java:160) [junit-4.11.jar:na]
	at com.intellij.junit4.JUnit4IdeaTestRunner.startRunnerWithArgs(JUnit4IdeaTestRunner.java:74) [junit-rt.jar:na]
	at com.intellij.rt.execution.junit.JUnitStarter.prepareStreamsAndStart(JUnitStarter.java:211) [junit-rt.jar:na]
	at com.intellij.rt.execution.junit.JUnitStarter.main(JUnitStarter.java:67) [junit-rt.jar:na]
	at sun.reflect.NativeMethodAccessorImpl.invoke0(Native Method) ~[na:1.8.0_31]
	at sun.reflect.NativeMethodAccessorImpl.invoke(NativeMethodAccessorImpl.java:62) ~[na:1.8.0_31]
	at sun.reflect.DelegatingMethodAccessorImpl.invoke(DelegatingMethodAccessorImpl.java:43) ~[na:1.8.0_31]
	at java.lang.reflect.Method.invoke(Method.java:483) ~[na:1.8.0_31]
	at com.intellij.rt.execution.application.AppMain.main(AppMain.java:134) [idea_rt.jar:na]

2015-03-08 08:11:42,169 - [ERROR] - from com.gargoylesoftware.htmlunit.html.HtmlPage in main 
Error loading JavaScript from [http://localhost:3333/assets/../../public/javascripts/main.js].
java.io.IOException: Unable to download JavaScript from 'http://localhost:3333/assets/../../public/javascripts/main.js' (status 404).
	at com.gargoylesoftware.htmlunit.html.HtmlPage.loadJavaScriptFromUrl(HtmlPage.java:1106) ~[htmlunit-2.13.jar:2.13]
	at com.gargoylesoftware.htmlunit.html.HtmlPage.loadExternalJavaScriptFile(HtmlPage.java:1039) ~[htmlunit-2.13.jar:2.13]
	at com.gargoylesoftware.htmlunit.html.HtmlScript.executeScriptIfNeeded(HtmlScript.java:409) [htmlunit-2.13.jar:2.13]
	at com.gargoylesoftware.htmlunit.html.HtmlScript$3.execute(HtmlScript.java:266) [htmlunit-2.13.jar:2.13]
	at com.gargoylesoftware.htmlunit.html.HtmlScript.onAllChildrenAddedToPage(HtmlScript.java:286) [htmlunit-2.13.jar:2.13]
	at com.gargoylesoftware.htmlunit.html.HTMLParser$HtmlUnitDOMBuilder.endElement(HTMLParser.java:683) [htmlunit-2.13.jar:2.13]
	at org.apache.xerces.parsers.AbstractSAXParser.endElement(Unknown Source) [xercesImpl-2.11.0.jar:na]
	at com.gargoylesoftware.htmlunit.html.HTMLParser$HtmlUnitDOMBuilder.endElement(HTMLParser.java:642) [htmlunit-2.13.jar:2.13]
	at org.cyberneko.html.HTMLTagBalancer.callEndElement(HTMLTagBalancer.java:1170) [nekohtml-1.9.19.jar:1.9.19]
	at org.cyberneko.html.HTMLTagBalancer.endElement(HTMLTagBalancer.java:1072) [nekohtml-1.9.19.jar:1.9.19]
	at org.cyberneko.html.filters.DefaultFilter.endElement(DefaultFilter.java:206) [nekohtml-1.9.19.jar:na]
	at org.cyberneko.html.filters.NamespaceBinder.endElement(NamespaceBinder.java:330) [nekohtml-1.9.19.jar:na]
	at org.cyberneko.html.HTMLScanner$ContentScanner.scanEndElement(HTMLScanner.java:3116) [nekohtml-1.9.19.jar:1.9.19]
	at org.cyberneko.html.HTMLScanner$ContentScanner.scan(HTMLScanner.java:2083) [nekohtml-1.9.19.jar:1.9.19]
	at org.cyberneko.html.HTMLScanner.scanDocument(HTMLScanner.java:918) [nekohtml-1.9.19.jar:1.9.19]
	at org.cyberneko.html.HTMLConfiguration.parse(HTMLConfiguration.java:499) [nekohtml-1.9.19.jar:1.9.19]
	at org.cyberneko.html.HTMLConfiguration.parse(HTMLConfiguration.java:452) [nekohtml-1.9.19.jar:1.9.19]
	at org.apache.xerces.parsers.XMLParser.parse(Unknown Source) [xercesImpl-2.11.0.jar:na]
	at com.gargoylesoftware.htmlunit.html.HTMLParser$HtmlUnitDOMBuilder.parse(HTMLParser.java:899) [htmlunit-2.13.jar:2.13]
	at com.gargoylesoftware.htmlunit.html.HTMLParser.parse(HTMLParser.java:242) [htmlunit-2.13.jar:2.13]
	at com.gargoylesoftware.htmlunit.html.HTMLParser.parseHtml(HTMLParser.java:188) [htmlunit-2.13.jar:2.13]
	at com.gargoylesoftware.htmlunit.DefaultPageCreator.createHtmlPage(DefaultPageCreator.java:268) [htmlunit-2.13.jar:2.13]
	at com.gargoylesoftware.htmlunit.DefaultPageCreator.createPage(DefaultPageCreator.java:156) [htmlunit-2.13.jar:2.13]
	at com.gargoylesoftware.htmlunit.WebClient.loadWebResponseInto(WebClient.java:437) [htmlunit-2.13.jar:2.13]
	at com.gargoylesoftware.htmlunit.WebClient.getPage(WebClient.java:311) [htmlunit-2.13.jar:2.13]
	at com.gargoylesoftware.htmlunit.WebClient.getPage(WebClient.java:376) [htmlunit-2.13.jar:2.13]
	at org.openqa.selenium.htmlunit.HtmlUnitDriver.get(HtmlUnitDriver.java:474) [selenium-htmlunit-driver-2.39.0.jar:na]
	at org.openqa.selenium.htmlunit.HtmlUnitDriver.get(HtmlUnitDriver.java:463) [selenium-htmlunit-driver-2.39.0.jar:na]
	at org.fluentlenium.core.Fluent.goTo(Fluent.java:336) [fluentlenium-core-0.9.2.jar:na]
	at test.IntegrationTest$1.invoke(IntegrationTest.java:42) [test-classes/:na]
	at test.IntegrationTest$1.invoke(IntegrationTest.java:40) [test-classes/:na]
	at play.test.Helpers.running(Helpers.java:555) [play-test_2.11-2.3.8.jar:2.3.8]
	at play.test.Helpers.running(Helpers.java:541) [play-test_2.11-2.3.8.jar:2.3.8]
	at test.IntegrationTest.testHome(IntegrationTest.java:40) [test-classes/:na]
	at sun.reflect.NativeMethodAccessorImpl.invoke0(Native Method) ~[na:1.8.0_31]
	at sun.reflect.NativeMethodAccessorImpl.invoke(NativeMethodAccessorImpl.java:62) ~[na:1.8.0_31]
	at sun.reflect.DelegatingMethodAccessorImpl.invoke(DelegatingMethodAccessorImpl.java:43) ~[na:1.8.0_31]
	at java.lang.reflect.Method.invoke(Method.java:483) ~[na:1.8.0_31]
	at org.junit.runners.model.FrameworkMethod$1.runReflectiveCall(FrameworkMethod.java:47) [junit-4.11.jar:na]
	at org.junit.internal.runners.model.ReflectiveCallable.run(ReflectiveCallable.java:12) [junit-4.11.jar:na]
	at org.junit.runners.model.FrameworkMethod.invokeExplosively(FrameworkMethod.java:44) [junit-4.11.jar:na]
	at org.junit.internal.runners.statements.InvokeMethod.evaluate(InvokeMethod.java:17) [junit-4.11.jar:na]
	at org.junit.runners.ParentRunner.runLeaf(ParentRunner.java:271) [junit-4.11.jar:na]
	at org.junit.runners.BlockJUnit4ClassRunner.runChild(BlockJUnit4ClassRunner.java:70) [junit-4.11.jar:na]
	at org.junit.runners.BlockJUnit4ClassRunner.runChild(BlockJUnit4ClassRunner.java:50) [junit-4.11.jar:na]
	at org.junit.runners.ParentRunner$3.run(ParentRunner.java:238) [junit-4.11.jar:na]
	at org.junit.runners.ParentRunner$1.schedule(ParentRunner.java:63) [junit-4.11.jar:na]
	at org.junit.runners.ParentRunner.runChildren(ParentRunner.java:236) [junit-4.11.jar:na]
	at org.junit.runners.ParentRunner.access$000(ParentRunner.java:53) [junit-4.11.jar:na]
	at org.junit.runners.ParentRunner$2.evaluate(ParentRunner.java:229) [junit-4.11.jar:na]
	at org.junit.runners.ParentRunner.run(ParentRunner.java:309) [junit-4.11.jar:na]
	at org.junit.runner.JUnitCore.run(JUnitCore.java:160) [junit-4.11.jar:na]
	at com.intellij.junit4.JUnit4IdeaTestRunner.startRunnerWithArgs(JUnit4IdeaTestRunner.java:74) [junit-rt.jar:na]
	at com.intellij.rt.execution.junit.JUnitStarter.prepareStreamsAndStart(JUnitStarter.java:211) [junit-rt.jar:na]
	at com.intellij.rt.execution.junit.JUnitStarter.main(JUnitStarter.java:67) [junit-rt.jar:na]
	at sun.reflect.NativeMethodAccessorImpl.invoke0(Native Method) ~[na:1.8.0_31]
	at sun.reflect.NativeMethodAccessorImpl.invoke(NativeMethodAccessorImpl.java:62) ~[na:1.8.0_31]
	at sun.reflect.DelegatingMethodAccessorImpl.invoke(DelegatingMethodAccessorImpl.java:43) ~[na:1.8.0_31]
	at java.lang.reflect.Method.invoke(Method.java:483) ~[na:1.8.0_31]
	at com.intellij.rt.execution.application.AppMain.main(AppMain.java:134) [idea_rt.jar:na]

2015-03-08 08:11:43,188 - [ERROR] - from com.gargoylesoftware.htmlunit.html.HtmlPage in main 
Error loading JavaScript from [http://localhost:3333/assets/../../public/javascripts/main.js].
java.io.IOException: Unable to download JavaScript from 'http://localhost:3333/assets/../../public/javascripts/main.js' (status 404).
	at com.gargoylesoftware.htmlunit.html.HtmlPage.loadJavaScriptFromUrl(HtmlPage.java:1106) ~[htmlunit-2.13.jar:2.13]
	at com.gargoylesoftware.htmlunit.html.HtmlPage.loadExternalJavaScriptFile(HtmlPage.java:1039) ~[htmlunit-2.13.jar:2.13]
	at com.gargoylesoftware.htmlunit.html.HtmlScript.executeScriptIfNeeded(HtmlScript.java:409) [htmlunit-2.13.jar:2.13]
	at com.gargoylesoftware.htmlunit.html.HtmlScript$3.execute(HtmlScript.java:266) [htmlunit-2.13.jar:2.13]
	at com.gargoylesoftware.htmlunit.html.HtmlScript.onAllChildrenAddedToPage(HtmlScript.java:286) [htmlunit-2.13.jar:2.13]
	at com.gargoylesoftware.htmlunit.html.HTMLParser$HtmlUnitDOMBuilder.endElement(HTMLParser.java:683) [htmlunit-2.13.jar:2.13]
	at org.apache.xerces.parsers.AbstractSAXParser.endElement(Unknown Source) [xercesImpl-2.11.0.jar:na]
	at com.gargoylesoftware.htmlunit.html.HTMLParser$HtmlUnitDOMBuilder.endElement(HTMLParser.java:642) [htmlunit-2.13.jar:2.13]
	at org.cyberneko.html.HTMLTagBalancer.callEndElement(HTMLTagBalancer.java:1170) [nekohtml-1.9.19.jar:1.9.19]
	at org.cyberneko.html.HTMLTagBalancer.endElement(HTMLTagBalancer.java:1072) [nekohtml-1.9.19.jar:1.9.19]
	at org.cyberneko.html.filters.DefaultFilter.endElement(DefaultFilter.java:206) [nekohtml-1.9.19.jar:na]
	at org.cyberneko.html.filters.NamespaceBinder.endElement(NamespaceBinder.java:330) [nekohtml-1.9.19.jar:na]
	at org.cyberneko.html.HTMLScanner$ContentScanner.scanEndElement(HTMLScanner.java:3116) [nekohtml-1.9.19.jar:1.9.19]
	at org.cyberneko.html.HTMLScanner$ContentScanner.scan(HTMLScanner.java:2083) [nekohtml-1.9.19.jar:1.9.19]
	at org.cyberneko.html.HTMLScanner.scanDocument(HTMLScanner.java:918) [nekohtml-1.9.19.jar:1.9.19]
	at org.cyberneko.html.HTMLConfiguration.parse(HTMLConfiguration.java:499) [nekohtml-1.9.19.jar:1.9.19]
	at org.cyberneko.html.HTMLConfiguration.parse(HTMLConfiguration.java:452) [nekohtml-1.9.19.jar:1.9.19]
	at org.apache.xerces.parsers.XMLParser.parse(Unknown Source) [xercesImpl-2.11.0.jar:na]
	at com.gargoylesoftware.htmlunit.html.HTMLParser$HtmlUnitDOMBuilder.parse(HTMLParser.java:899) [htmlunit-2.13.jar:2.13]
	at com.gargoylesoftware.htmlunit.html.HTMLParser.parse(HTMLParser.java:242) [htmlunit-2.13.jar:2.13]
	at com.gargoylesoftware.htmlunit.html.HTMLParser.parseHtml(HTMLParser.java:188) [htmlunit-2.13.jar:2.13]
	at com.gargoylesoftware.htmlunit.DefaultPageCreator.createHtmlPage(DefaultPageCreator.java:268) [htmlunit-2.13.jar:2.13]
	at com.gargoylesoftware.htmlunit.DefaultPageCreator.createPage(DefaultPageCreator.java:156) [htmlunit-2.13.jar:2.13]
	at com.gargoylesoftware.htmlunit.WebClient.loadWebResponseInto(WebClient.java:437) [htmlunit-2.13.jar:2.13]
	at com.gargoylesoftware.htmlunit.WebClient.getPage(WebClient.java:311) [htmlunit-2.13.jar:2.13]
	at com.gargoylesoftware.htmlunit.WebClient.getPage(WebClient.java:376) [htmlunit-2.13.jar:2.13]
	at org.openqa.selenium.htmlunit.HtmlUnitDriver.get(HtmlUnitDriver.java:474) [selenium-htmlunit-driver-2.39.0.jar:na]
	at org.openqa.selenium.htmlunit.HtmlUnitDriver.get(HtmlUnitDriver.java:463) [selenium-htmlunit-driver-2.39.0.jar:na]
	at org.fluentlenium.core.Fluent.goTo(Fluent.java:336) [fluentlenium-core-0.9.2.jar:na]
	at test.IntegrationTest$1.invoke(IntegrationTest.java:45) [test-classes/:na]
	at test.IntegrationTest$1.invoke(IntegrationTest.java:40) [test-classes/:na]
	at play.test.Helpers.running(Helpers.java:555) [play-test_2.11-2.3.8.jar:2.3.8]
	at play.test.Helpers.running(Helpers.java:541) [play-test_2.11-2.3.8.jar:2.3.8]
	at test.IntegrationTest.testHome(IntegrationTest.java:40) [test-classes/:na]
	at sun.reflect.NativeMethodAccessorImpl.invoke0(Native Method) ~[na:1.8.0_31]
	at sun.reflect.NativeMethodAccessorImpl.invoke(NativeMethodAccessorImpl.java:62) ~[na:1.8.0_31]
	at sun.reflect.DelegatingMethodAccessorImpl.invoke(DelegatingMethodAccessorImpl.java:43) ~[na:1.8.0_31]
	at java.lang.reflect.Method.invoke(Method.java:483) ~[na:1.8.0_31]
	at org.junit.runners.model.FrameworkMethod$1.runReflectiveCall(FrameworkMethod.java:47) [junit-4.11.jar:na]
	at org.junit.internal.runners.model.ReflectiveCallable.run(ReflectiveCallable.java:12) [junit-4.11.jar:na]
	at org.junit.runners.model.FrameworkMethod.invokeExplosively(FrameworkMethod.java:44) [junit-4.11.jar:na]
	at org.junit.internal.runners.statements.InvokeMethod.evaluate(InvokeMethod.java:17) [junit-4.11.jar:na]
	at org.junit.runners.ParentRunner.runLeaf(ParentRunner.java:271) [junit-4.11.jar:na]
	at org.junit.runners.BlockJUnit4ClassRunner.runChild(BlockJUnit4ClassRunner.java:70) [junit-4.11.jar:na]
	at org.junit.runners.BlockJUnit4ClassRunner.runChild(BlockJUnit4ClassRunner.java:50) [junit-4.11.jar:na]
	at org.junit.runners.ParentRunner$3.run(ParentRunner.java:238) [junit-4.11.jar:na]
	at org.junit.runners.ParentRunner$1.schedule(ParentRunner.java:63) [junit-4.11.jar:na]
	at org.junit.runners.ParentRunner.runChildren(ParentRunner.java:236) [junit-4.11.jar:na]
	at org.junit.runners.ParentRunner.access$000(ParentRunner.java:53) [junit-4.11.jar:na]
	at org.junit.runners.ParentRunner$2.evaluate(ParentRunner.java:229) [junit-4.11.jar:na]
	at org.junit.runners.ParentRunner.run(ParentRunner.java:309) [junit-4.11.jar:na]
	at org.junit.runner.JUnitCore.run(JUnitCore.java:160) [junit-4.11.jar:na]
	at com.intellij.junit4.JUnit4IdeaTestRunner.startRunnerWithArgs(JUnit4IdeaTestRunner.java:74) [junit-rt.jar:na]
	at com.intellij.rt.execution.junit.JUnitStarter.prepareStreamsAndStart(JUnitStarter.java:211) [junit-rt.jar:na]
	at com.intellij.rt.execution.junit.JUnitStarter.main(JUnitStarter.java:67) [junit-rt.jar:na]
	at sun.reflect.NativeMethodAccessorImpl.invoke0(Native Method) ~[na:1.8.0_31]
	at sun.reflect.NativeMethodAccessorImpl.invoke(NativeMethodAccessorImpl.java:62) ~[na:1.8.0_31]
	at sun.reflect.DelegatingMethodAccessorImpl.invoke(DelegatingMethodAccessorImpl.java:43) ~[na:1.8.0_31]
	at java.lang.reflect.Method.invoke(Method.java:483) ~[na:1.8.0_31]
	at com.intellij.rt.execution.application.AppMain.main(AppMain.java:134) [idea_rt.jar:na]

2015-03-08 08:11:43,374 - [ERROR] - from com.gargoylesoftware.htmlunit.html.HtmlPage in main 
Error loading JavaScript from [http://localhost:3333/assets/../../public/javascripts/main.js].
java.io.IOException: Unable to download JavaScript from 'http://localhost:3333/assets/../../public/javascripts/main.js' (status 404).
	at com.gargoylesoftware.htmlunit.html.HtmlPage.loadJavaScriptFromUrl(HtmlPage.java:1106) ~[htmlunit-2.13.jar:2.13]
	at com.gargoylesoftware.htmlunit.html.HtmlPage.loadExternalJavaScriptFile(HtmlPage.java:1039) ~[htmlunit-2.13.jar:2.13]
	at com.gargoylesoftware.htmlunit.html.HtmlScript.executeScriptIfNeeded(HtmlScript.java:409) [htmlunit-2.13.jar:2.13]
	at com.gargoylesoftware.htmlunit.html.HtmlScript$3.execute(HtmlScript.java:266) [htmlunit-2.13.jar:2.13]
	at com.gargoylesoftware.htmlunit.html.HtmlScript.onAllChildrenAddedToPage(HtmlScript.java:286) [htmlunit-2.13.jar:2.13]
	at com.gargoylesoftware.htmlunit.html.HTMLParser$HtmlUnitDOMBuilder.endElement(HTMLParser.java:683) [htmlunit-2.13.jar:2.13]
	at org.apache.xerces.parsers.AbstractSAXParser.endElement(Unknown Source) [xercesImpl-2.11.0.jar:na]
	at com.gargoylesoftware.htmlunit.html.HTMLParser$HtmlUnitDOMBuilder.endElement(HTMLParser.java:642) [htmlunit-2.13.jar:2.13]
	at org.cyberneko.html.HTMLTagBalancer.callEndElement(HTMLTagBalancer.java:1170) [nekohtml-1.9.19.jar:1.9.19]
	at org.cyberneko.html.HTMLTagBalancer.endElement(HTMLTagBalancer.java:1072) [nekohtml-1.9.19.jar:1.9.19]
	at org.cyberneko.html.filters.DefaultFilter.endElement(DefaultFilter.java:206) [nekohtml-1.9.19.jar:na]
	at org.cyberneko.html.filters.NamespaceBinder.endElement(NamespaceBinder.java:330) [nekohtml-1.9.19.jar:na]
	at org.cyberneko.html.HTMLScanner$ContentScanner.scanEndElement(HTMLScanner.java:3116) [nekohtml-1.9.19.jar:1.9.19]
	at org.cyberneko.html.HTMLScanner$ContentScanner.scan(HTMLScanner.java:2083) [nekohtml-1.9.19.jar:1.9.19]
	at org.cyberneko.html.HTMLScanner.scanDocument(HTMLScanner.java:918) [nekohtml-1.9.19.jar:1.9.19]
	at org.cyberneko.html.HTMLConfiguration.parse(HTMLConfiguration.java:499) [nekohtml-1.9.19.jar:1.9.19]
	at org.cyberneko.html.HTMLConfiguration.parse(HTMLConfiguration.java:452) [nekohtml-1.9.19.jar:1.9.19]
	at org.apache.xerces.parsers.XMLParser.parse(Unknown Source) [xercesImpl-2.11.0.jar:na]
	at com.gargoylesoftware.htmlunit.html.HTMLParser$HtmlUnitDOMBuilder.parse(HTMLParser.java:899) [htmlunit-2.13.jar:2.13]
	at com.gargoylesoftware.htmlunit.html.HTMLParser.parse(HTMLParser.java:242) [htmlunit-2.13.jar:2.13]
	at com.gargoylesoftware.htmlunit.html.HTMLParser.parseHtml(HTMLParser.java:188) [htmlunit-2.13.jar:2.13]
	at com.gargoylesoftware.htmlunit.DefaultPageCreator.createHtmlPage(DefaultPageCreator.java:268) [htmlunit-2.13.jar:2.13]
	at com.gargoylesoftware.htmlunit.DefaultPageCreator.createPage(DefaultPageCreator.java:156) [htmlunit-2.13.jar:2.13]
	at com.gargoylesoftware.htmlunit.WebClient.loadWebResponseInto(WebClient.java:437) [htmlunit-2.13.jar:2.13]
	at com.gargoylesoftware.htmlunit.WebClient.getPage(WebClient.java:311) [htmlunit-2.13.jar:2.13]
	at com.gargoylesoftware.htmlunit.WebClient.getPage(WebClient.java:376) [htmlunit-2.13.jar:2.13]
	at org.openqa.selenium.htmlunit.HtmlUnitDriver.get(HtmlUnitDriver.java:474) [selenium-htmlunit-driver-2.39.0.jar:na]
	at org.openqa.selenium.htmlunit.HtmlUnitDriver.get(HtmlUnitDriver.java:463) [selenium-htmlunit-driver-2.39.0.jar:na]
	at org.fluentlenium.core.Fluent.goTo(Fluent.java:336) [fluentlenium-core-0.9.2.jar:na]
	at test.IntegrationTest$5.invoke(IntegrationTest.java:101) [test-classes/:na]
	at test.IntegrationTest$5.invoke(IntegrationTest.java:99) [test-classes/:na]
	at play.test.Helpers.running(Helpers.java:555) [play-test_2.11-2.3.8.jar:2.3.8]
	at play.test.Helpers.running(Helpers.java:541) [play-test_2.11-2.3.8.jar:2.3.8]
	at test.IntegrationTest.testContact(IntegrationTest.java:99) [test-classes/:na]
	at sun.reflect.NativeMethodAccessorImpl.invoke0(Native Method) ~[na:1.8.0_31]
	at sun.reflect.NativeMethodAccessorImpl.invoke(NativeMethodAccessorImpl.java:62) ~[na:1.8.0_31]
	at sun.reflect.DelegatingMethodAccessorImpl.invoke(DelegatingMethodAccessorImpl.java:43) ~[na:1.8.0_31]
	at java.lang.reflect.Method.invoke(Method.java:483) ~[na:1.8.0_31]
	at org.junit.runners.model.FrameworkMethod$1.runReflectiveCall(FrameworkMethod.java:47) [junit-4.11.jar:na]
	at org.junit.internal.runners.model.ReflectiveCallable.run(ReflectiveCallable.java:12) [junit-4.11.jar:na]
	at org.junit.runners.model.FrameworkMethod.invokeExplosively(FrameworkMethod.java:44) [junit-4.11.jar:na]
	at org.junit.internal.runners.statements.InvokeMethod.evaluate(InvokeMethod.java:17) [junit-4.11.jar:na]
	at org.junit.runners.ParentRunner.runLeaf(ParentRunner.java:271) [junit-4.11.jar:na]
	at org.junit.runners.BlockJUnit4ClassRunner.runChild(BlockJUnit4ClassRunner.java:70) [junit-4.11.jar:na]
	at org.junit.runners.BlockJUnit4ClassRunner.runChild(BlockJUnit4ClassRunner.java:50) [junit-4.11.jar:na]
	at org.junit.runners.ParentRunner$3.run(ParentRunner.java:238) [junit-4.11.jar:na]
	at org.junit.runners.ParentRunner$1.schedule(ParentRunner.java:63) [junit-4.11.jar:na]
	at org.junit.runners.ParentRunner.runChildren(ParentRunner.java:236) [junit-4.11.jar:na]
	at org.junit.runners.ParentRunner.access$000(ParentRunner.java:53) [junit-4.11.jar:na]
	at org.junit.runners.ParentRunner$2.evaluate(ParentRunner.java:229) [junit-4.11.jar:na]
	at org.junit.runners.ParentRunner.run(ParentRunner.java:309) [junit-4.11.jar:na]
	at org.junit.runner.JUnitCore.run(JUnitCore.java:160) [junit-4.11.jar:na]
	at com.intellij.junit4.JUnit4IdeaTestRunner.startRunnerWithArgs(JUnit4IdeaTestRunner.java:74) [junit-rt.jar:na]
	at com.intellij.rt.execution.junit.JUnitStarter.prepareStreamsAndStart(JUnitStarter.java:211) [junit-rt.jar:na]
	at com.intellij.rt.execution.junit.JUnitStarter.main(JUnitStarter.java:67) [junit-rt.jar:na]
	at sun.reflect.NativeMethodAccessorImpl.invoke0(Native Method) ~[na:1.8.0_31]
	at sun.reflect.NativeMethodAccessorImpl.invoke(NativeMethodAccessorImpl.java:62) ~[na:1.8.0_31]
	at sun.reflect.DelegatingMethodAccessorImpl.invoke(DelegatingMethodAccessorImpl.java:43) ~[na:1.8.0_31]
	at java.lang.reflect.Method.invoke(Method.java:483) ~[na:1.8.0_31]
	at com.intellij.rt.execution.application.AppMain.main(AppMain.java:134) [idea_rt.jar:na]

2015-03-17 17:57:19,978 - [ERROR] - from com.gargoylesoftware.htmlunit.html.HtmlPage in main 
Error loading JavaScript from [http://localhost:3333/assets/javascripts/main.js].
java.io.IOException: Unable to download JavaScript from 'http://localhost:3333/assets/javascripts/main.js' (status 404).
	at com.gargoylesoftware.htmlunit.html.HtmlPage.loadJavaScriptFromUrl(HtmlPage.java:1106) ~[htmlunit-2.13.jar:2.13]
	at com.gargoylesoftware.htmlunit.html.HtmlPage.loadExternalJavaScriptFile(HtmlPage.java:1039) ~[htmlunit-2.13.jar:2.13]
	at com.gargoylesoftware.htmlunit.html.HtmlScript.executeScriptIfNeeded(HtmlScript.java:409) [htmlunit-2.13.jar:2.13]
	at com.gargoylesoftware.htmlunit.html.HtmlScript$3.execute(HtmlScript.java:266) [htmlunit-2.13.jar:2.13]
	at com.gargoylesoftware.htmlunit.html.HtmlScript.onAllChildrenAddedToPage(HtmlScript.java:286) [htmlunit-2.13.jar:2.13]
	at com.gargoylesoftware.htmlunit.html.HTMLParser$HtmlUnitDOMBuilder.endElement(HTMLParser.java:683) [htmlunit-2.13.jar:2.13]
	at org.apache.xerces.parsers.AbstractSAXParser.endElement(Unknown Source) [xercesImpl-2.11.0.jar:na]
	at com.gargoylesoftware.htmlunit.html.HTMLParser$HtmlUnitDOMBuilder.endElement(HTMLParser.java:642) [htmlunit-2.13.jar:2.13]
	at org.cyberneko.html.HTMLTagBalancer.callEndElement(HTMLTagBalancer.java:1170) [nekohtml-1.9.19.jar:1.9.19]
	at org.cyberneko.html.HTMLTagBalancer.endElement(HTMLTagBalancer.java:1072) [nekohtml-1.9.19.jar:1.9.19]
	at org.cyberneko.html.filters.DefaultFilter.endElement(DefaultFilter.java:206) [nekohtml-1.9.19.jar:na]
	at org.cyberneko.html.filters.NamespaceBinder.endElement(NamespaceBinder.java:330) [nekohtml-1.9.19.jar:na]
	at org.cyberneko.html.HTMLScanner$ContentScanner.scanEndElement(HTMLScanner.java:3116) [nekohtml-1.9.19.jar:1.9.19]
	at org.cyberneko.html.HTMLScanner$ContentScanner.scan(HTMLScanner.java:2083) [nekohtml-1.9.19.jar:1.9.19]
	at org.cyberneko.html.HTMLScanner.scanDocument(HTMLScanner.java:918) [nekohtml-1.9.19.jar:1.9.19]
	at org.cyberneko.html.HTMLConfiguration.parse(HTMLConfiguration.java:499) [nekohtml-1.9.19.jar:1.9.19]
	at org.cyberneko.html.HTMLConfiguration.parse(HTMLConfiguration.java:452) [nekohtml-1.9.19.jar:1.9.19]
	at org.apache.xerces.parsers.XMLParser.parse(Unknown Source) [xercesImpl-2.11.0.jar:na]
	at com.gargoylesoftware.htmlunit.html.HTMLParser$HtmlUnitDOMBuilder.parse(HTMLParser.java:899) [htmlunit-2.13.jar:2.13]
	at com.gargoylesoftware.htmlunit.html.HTMLParser.parse(HTMLParser.java:242) [htmlunit-2.13.jar:2.13]
	at com.gargoylesoftware.htmlunit.html.HTMLParser.parseHtml(HTMLParser.java:188) [htmlunit-2.13.jar:2.13]
	at com.gargoylesoftware.htmlunit.DefaultPageCreator.createHtmlPage(DefaultPageCreator.java:268) [htmlunit-2.13.jar:2.13]
	at com.gargoylesoftware.htmlunit.DefaultPageCreator.createPage(DefaultPageCreator.java:156) [htmlunit-2.13.jar:2.13]
	at com.gargoylesoftware.htmlunit.WebClient.loadWebResponseInto(WebClient.java:437) [htmlunit-2.13.jar:2.13]
	at com.gargoylesoftware.htmlunit.WebClient.getPage(WebClient.java:311) [htmlunit-2.13.jar:2.13]
	at com.gargoylesoftware.htmlunit.WebClient.getPage(WebClient.java:376) [htmlunit-2.13.jar:2.13]
	at org.openqa.selenium.htmlunit.HtmlUnitDriver.get(HtmlUnitDriver.java:474) [selenium-htmlunit-driver-2.39.0.jar:na]
	at org.openqa.selenium.htmlunit.HtmlUnitDriver.get(HtmlUnitDriver.java:463) [selenium-htmlunit-driver-2.39.0.jar:na]
	at org.fluentlenium.core.Fluent.goTo(Fluent.java:336) [fluentlenium-core-0.9.2.jar:na]
	at test.IntegrationTest$1.invoke(IntegrationTest.java:42) [test-classes/:na]
	at test.IntegrationTest$1.invoke(IntegrationTest.java:40) [test-classes/:na]
	at play.test.Helpers.running(Helpers.java:555) [play-test_2.11-2.3.8.jar:2.3.8]
	at play.test.Helpers.running(Helpers.java:541) [play-test_2.11-2.3.8.jar:2.3.8]
	at test.IntegrationTest.testHome(IntegrationTest.java:40) [test-classes/:na]
	at sun.reflect.NativeMethodAccessorImpl.invoke0(Native Method) ~[na:1.8.0_31]
	at sun.reflect.NativeMethodAccessorImpl.invoke(NativeMethodAccessorImpl.java:62) ~[na:1.8.0_31]
	at sun.reflect.DelegatingMethodAccessorImpl.invoke(DelegatingMethodAccessorImpl.java:43) ~[na:1.8.0_31]
	at java.lang.reflect.Method.invoke(Method.java:483) ~[na:1.8.0_31]
	at org.junit.runners.model.FrameworkMethod$1.runReflectiveCall(FrameworkMethod.java:47) [junit-4.11.jar:na]
	at org.junit.internal.runners.model.ReflectiveCallable.run(ReflectiveCallable.java:12) [junit-4.11.jar:na]
	at org.junit.runners.model.FrameworkMethod.invokeExplosively(FrameworkMethod.java:44) [junit-4.11.jar:na]
	at org.junit.internal.runners.statements.InvokeMethod.evaluate(InvokeMethod.java:17) [junit-4.11.jar:na]
	at org.junit.runners.ParentRunner.runLeaf(ParentRunner.java:271) [junit-4.11.jar:na]
	at org.junit.runners.BlockJUnit4ClassRunner.runChild(BlockJUnit4ClassRunner.java:70) [junit-4.11.jar:na]
	at org.junit.runners.BlockJUnit4ClassRunner.runChild(BlockJUnit4ClassRunner.java:50) [junit-4.11.jar:na]
	at org.junit.runners.ParentRunner$3.run(ParentRunner.java:238) [junit-4.11.jar:na]
	at org.junit.runners.ParentRunner$1.schedule(ParentRunner.java:63) [junit-4.11.jar:na]
	at org.junit.runners.ParentRunner.runChildren(ParentRunner.java:236) [junit-4.11.jar:na]
	at org.junit.runners.ParentRunner.access$000(ParentRunner.java:53) [junit-4.11.jar:na]
	at org.junit.runners.ParentRunner$2.evaluate(ParentRunner.java:229) [junit-4.11.jar:na]
	at org.junit.runners.ParentRunner.run(ParentRunner.java:309) [junit-4.11.jar:na]
	at org.junit.runner.JUnitCore.run(JUnitCore.java:160) [junit-4.11.jar:na]
	at com.intellij.junit4.JUnit4IdeaTestRunner.startRunnerWithArgs(JUnit4IdeaTestRunner.java:74) [junit-rt.jar:na]
	at com.intellij.rt.execution.junit.JUnitStarter.prepareStreamsAndStart(JUnitStarter.java:211) [junit-rt.jar:na]
	at com.intellij.rt.execution.junit.JUnitStarter.main(JUnitStarter.java:67) [junit-rt.jar:na]
	at sun.reflect.NativeMethodAccessorImpl.invoke0(Native Method) ~[na:1.8.0_31]
	at sun.reflect.NativeMethodAccessorImpl.invoke(NativeMethodAccessorImpl.java:62) ~[na:1.8.0_31]
	at sun.reflect.DelegatingMethodAccessorImpl.invoke(DelegatingMethodAccessorImpl.java:43) ~[na:1.8.0_31]
	at java.lang.reflect.Method.invoke(Method.java:483) ~[na:1.8.0_31]
	at com.intellij.rt.execution.application.AppMain.main(AppMain.java:134) [idea_rt.jar:na]

2015-03-17 17:57:22,176 - [ERROR] - from com.gargoylesoftware.htmlunit.html.HtmlPage in main 
Error loading JavaScript from [http://localhost:3333/assets/javascripts/main.js].
java.io.IOException: Unable to download JavaScript from 'http://localhost:3333/assets/javascripts/main.js' (status 404).
	at com.gargoylesoftware.htmlunit.html.HtmlPage.loadJavaScriptFromUrl(HtmlPage.java:1106) ~[htmlunit-2.13.jar:2.13]
	at com.gargoylesoftware.htmlunit.html.HtmlPage.loadExternalJavaScriptFile(HtmlPage.java:1039) ~[htmlunit-2.13.jar:2.13]
	at com.gargoylesoftware.htmlunit.html.HtmlScript.executeScriptIfNeeded(HtmlScript.java:409) [htmlunit-2.13.jar:2.13]
	at com.gargoylesoftware.htmlunit.html.HtmlScript$3.execute(HtmlScript.java:266) [htmlunit-2.13.jar:2.13]
	at com.gargoylesoftware.htmlunit.html.HtmlScript.onAllChildrenAddedToPage(HtmlScript.java:286) [htmlunit-2.13.jar:2.13]
	at com.gargoylesoftware.htmlunit.html.HTMLParser$HtmlUnitDOMBuilder.endElement(HTMLParser.java:683) [htmlunit-2.13.jar:2.13]
	at org.apache.xerces.parsers.AbstractSAXParser.endElement(Unknown Source) [xercesImpl-2.11.0.jar:na]
	at com.gargoylesoftware.htmlunit.html.HTMLParser$HtmlUnitDOMBuilder.endElement(HTMLParser.java:642) [htmlunit-2.13.jar:2.13]
	at org.cyberneko.html.HTMLTagBalancer.callEndElement(HTMLTagBalancer.java:1170) [nekohtml-1.9.19.jar:1.9.19]
	at org.cyberneko.html.HTMLTagBalancer.endElement(HTMLTagBalancer.java:1072) [nekohtml-1.9.19.jar:1.9.19]
	at org.cyberneko.html.filters.DefaultFilter.endElement(DefaultFilter.java:206) [nekohtml-1.9.19.jar:na]
	at org.cyberneko.html.filters.NamespaceBinder.endElement(NamespaceBinder.java:330) [nekohtml-1.9.19.jar:na]
	at org.cyberneko.html.HTMLScanner$ContentScanner.scanEndElement(HTMLScanner.java:3116) [nekohtml-1.9.19.jar:1.9.19]
	at org.cyberneko.html.HTMLScanner$ContentScanner.scan(HTMLScanner.java:2083) [nekohtml-1.9.19.jar:1.9.19]
	at org.cyberneko.html.HTMLScanner.scanDocument(HTMLScanner.java:918) [nekohtml-1.9.19.jar:1.9.19]
	at org.cyberneko.html.HTMLConfiguration.parse(HTMLConfiguration.java:499) [nekohtml-1.9.19.jar:1.9.19]
	at org.cyberneko.html.HTMLConfiguration.parse(HTMLConfiguration.java:452) [nekohtml-1.9.19.jar:1.9.19]
	at org.apache.xerces.parsers.XMLParser.parse(Unknown Source) [xercesImpl-2.11.0.jar:na]
	at com.gargoylesoftware.htmlunit.html.HTMLParser$HtmlUnitDOMBuilder.parse(HTMLParser.java:899) [htmlunit-2.13.jar:2.13]
	at com.gargoylesoftware.htmlunit.html.HTMLParser.parse(HTMLParser.java:242) [htmlunit-2.13.jar:2.13]
	at com.gargoylesoftware.htmlunit.html.HTMLParser.parseHtml(HTMLParser.java:188) [htmlunit-2.13.jar:2.13]
	at com.gargoylesoftware.htmlunit.DefaultPageCreator.createHtmlPage(DefaultPageCreator.java:268) [htmlunit-2.13.jar:2.13]
	at com.gargoylesoftware.htmlunit.DefaultPageCreator.createPage(DefaultPageCreator.java:156) [htmlunit-2.13.jar:2.13]
	at com.gargoylesoftware.htmlunit.WebClient.loadWebResponseInto(WebClient.java:437) [htmlunit-2.13.jar:2.13]
	at com.gargoylesoftware.htmlunit.WebClient.getPage(WebClient.java:311) [htmlunit-2.13.jar:2.13]
	at com.gargoylesoftware.htmlunit.WebClient.getPage(WebClient.java:376) [htmlunit-2.13.jar:2.13]
	at org.openqa.selenium.htmlunit.HtmlUnitDriver.get(HtmlUnitDriver.java:474) [selenium-htmlunit-driver-2.39.0.jar:na]
	at org.openqa.selenium.htmlunit.HtmlUnitDriver.get(HtmlUnitDriver.java:463) [selenium-htmlunit-driver-2.39.0.jar:na]
	at org.fluentlenium.core.Fluent.goTo(Fluent.java:336) [fluentlenium-core-0.9.2.jar:na]
	at test.IntegrationTest$1.invoke(IntegrationTest.java:45) [test-classes/:na]
	at test.IntegrationTest$1.invoke(IntegrationTest.java:40) [test-classes/:na]
	at play.test.Helpers.running(Helpers.java:555) [play-test_2.11-2.3.8.jar:2.3.8]
	at play.test.Helpers.running(Helpers.java:541) [play-test_2.11-2.3.8.jar:2.3.8]
	at test.IntegrationTest.testHome(IntegrationTest.java:40) [test-classes/:na]
	at sun.reflect.NativeMethodAccessorImpl.invoke0(Native Method) ~[na:1.8.0_31]
	at sun.reflect.NativeMethodAccessorImpl.invoke(NativeMethodAccessorImpl.java:62) ~[na:1.8.0_31]
	at sun.reflect.DelegatingMethodAccessorImpl.invoke(DelegatingMethodAccessorImpl.java:43) ~[na:1.8.0_31]
	at java.lang.reflect.Method.invoke(Method.java:483) ~[na:1.8.0_31]
	at org.junit.runners.model.FrameworkMethod$1.runReflectiveCall(FrameworkMethod.java:47) [junit-4.11.jar:na]
	at org.junit.internal.runners.model.ReflectiveCallable.run(ReflectiveCallable.java:12) [junit-4.11.jar:na]
	at org.junit.runners.model.FrameworkMethod.invokeExplosively(FrameworkMethod.java:44) [junit-4.11.jar:na]
	at org.junit.internal.runners.statements.InvokeMethod.evaluate(InvokeMethod.java:17) [junit-4.11.jar:na]
	at org.junit.runners.ParentRunner.runLeaf(ParentRunner.java:271) [junit-4.11.jar:na]
	at org.junit.runners.BlockJUnit4ClassRunner.runChild(BlockJUnit4ClassRunner.java:70) [junit-4.11.jar:na]
	at org.junit.runners.BlockJUnit4ClassRunner.runChild(BlockJUnit4ClassRunner.java:50) [junit-4.11.jar:na]
	at org.junit.runners.ParentRunner$3.run(ParentRunner.java:238) [junit-4.11.jar:na]
	at org.junit.runners.ParentRunner$1.schedule(ParentRunner.java:63) [junit-4.11.jar:na]
	at org.junit.runners.ParentRunner.runChildren(ParentRunner.java:236) [junit-4.11.jar:na]
	at org.junit.runners.ParentRunner.access$000(ParentRunner.java:53) [junit-4.11.jar:na]
	at org.junit.runners.ParentRunner$2.evaluate(ParentRunner.java:229) [junit-4.11.jar:na]
	at org.junit.runners.ParentRunner.run(ParentRunner.java:309) [junit-4.11.jar:na]
	at org.junit.runner.JUnitCore.run(JUnitCore.java:160) [junit-4.11.jar:na]
	at com.intellij.junit4.JUnit4IdeaTestRunner.startRunnerWithArgs(JUnit4IdeaTestRunner.java:74) [junit-rt.jar:na]
	at com.intellij.rt.execution.junit.JUnitStarter.prepareStreamsAndStart(JUnitStarter.java:211) [junit-rt.jar:na]
	at com.intellij.rt.execution.junit.JUnitStarter.main(JUnitStarter.java:67) [junit-rt.jar:na]
	at sun.reflect.NativeMethodAccessorImpl.invoke0(Native Method) ~[na:1.8.0_31]
	at sun.reflect.NativeMethodAccessorImpl.invoke(NativeMethodAccessorImpl.java:62) ~[na:1.8.0_31]
	at sun.reflect.DelegatingMethodAccessorImpl.invoke(DelegatingMethodAccessorImpl.java:43) ~[na:1.8.0_31]
	at java.lang.reflect.Method.invoke(Method.java:483) ~[na:1.8.0_31]
	at com.intellij.rt.execution.application.AppMain.main(AppMain.java:134) [idea_rt.jar:na]

2015-03-17 17:57:22,433 - [ERROR] - from com.gargoylesoftware.htmlunit.html.HtmlPage in main 
Error loading JavaScript from [http://localhost:3333/assets/javascripts/main.js].
java.io.IOException: Unable to download JavaScript from 'http://localhost:3333/assets/javascripts/main.js' (status 404).
	at com.gargoylesoftware.htmlunit.html.HtmlPage.loadJavaScriptFromUrl(HtmlPage.java:1106) ~[htmlunit-2.13.jar:2.13]
	at com.gargoylesoftware.htmlunit.html.HtmlPage.loadExternalJavaScriptFile(HtmlPage.java:1039) ~[htmlunit-2.13.jar:2.13]
	at com.gargoylesoftware.htmlunit.html.HtmlScript.executeScriptIfNeeded(HtmlScript.java:409) [htmlunit-2.13.jar:2.13]
	at com.gargoylesoftware.htmlunit.html.HtmlScript$3.execute(HtmlScript.java:266) [htmlunit-2.13.jar:2.13]
	at com.gargoylesoftware.htmlunit.html.HtmlScript.onAllChildrenAddedToPage(HtmlScript.java:286) [htmlunit-2.13.jar:2.13]
	at com.gargoylesoftware.htmlunit.html.HTMLParser$HtmlUnitDOMBuilder.endElement(HTMLParser.java:683) [htmlunit-2.13.jar:2.13]
	at org.apache.xerces.parsers.AbstractSAXParser.endElement(Unknown Source) [xercesImpl-2.11.0.jar:na]
	at com.gargoylesoftware.htmlunit.html.HTMLParser$HtmlUnitDOMBuilder.endElement(HTMLParser.java:642) [htmlunit-2.13.jar:2.13]
	at org.cyberneko.html.HTMLTagBalancer.callEndElement(HTMLTagBalancer.java:1170) [nekohtml-1.9.19.jar:1.9.19]
	at org.cyberneko.html.HTMLTagBalancer.endElement(HTMLTagBalancer.java:1072) [nekohtml-1.9.19.jar:1.9.19]
	at org.cyberneko.html.filters.DefaultFilter.endElement(DefaultFilter.java:206) [nekohtml-1.9.19.jar:na]
	at org.cyberneko.html.filters.NamespaceBinder.endElement(NamespaceBinder.java:330) [nekohtml-1.9.19.jar:na]
	at org.cyberneko.html.HTMLScanner$ContentScanner.scanEndElement(HTMLScanner.java:3116) [nekohtml-1.9.19.jar:1.9.19]
	at org.cyberneko.html.HTMLScanner$ContentScanner.scan(HTMLScanner.java:2083) [nekohtml-1.9.19.jar:1.9.19]
	at org.cyberneko.html.HTMLScanner.scanDocument(HTMLScanner.java:918) [nekohtml-1.9.19.jar:1.9.19]
	at org.cyberneko.html.HTMLConfiguration.parse(HTMLConfiguration.java:499) [nekohtml-1.9.19.jar:1.9.19]
	at org.cyberneko.html.HTMLConfiguration.parse(HTMLConfiguration.java:452) [nekohtml-1.9.19.jar:1.9.19]
	at org.apache.xerces.parsers.XMLParser.parse(Unknown Source) [xercesImpl-2.11.0.jar:na]
	at com.gargoylesoftware.htmlunit.html.HTMLParser$HtmlUnitDOMBuilder.parse(HTMLParser.java:899) [htmlunit-2.13.jar:2.13]
	at com.gargoylesoftware.htmlunit.html.HTMLParser.parse(HTMLParser.java:242) [htmlunit-2.13.jar:2.13]
	at com.gargoylesoftware.htmlunit.html.HTMLParser.parseHtml(HTMLParser.java:188) [htmlunit-2.13.jar:2.13]
	at com.gargoylesoftware.htmlunit.DefaultPageCreator.createHtmlPage(DefaultPageCreator.java:268) [htmlunit-2.13.jar:2.13]
	at com.gargoylesoftware.htmlunit.DefaultPageCreator.createPage(DefaultPageCreator.java:156) [htmlunit-2.13.jar:2.13]
	at com.gargoylesoftware.htmlunit.WebClient.loadWebResponseInto(WebClient.java:437) [htmlunit-2.13.jar:2.13]
	at com.gargoylesoftware.htmlunit.WebClient.getPage(WebClient.java:311) [htmlunit-2.13.jar:2.13]
	at com.gargoylesoftware.htmlunit.WebClient.getPage(WebClient.java:376) [htmlunit-2.13.jar:2.13]
	at org.openqa.selenium.htmlunit.HtmlUnitDriver.get(HtmlUnitDriver.java:474) [selenium-htmlunit-driver-2.39.0.jar:na]
	at org.openqa.selenium.htmlunit.HtmlUnitDriver.get(HtmlUnitDriver.java:463) [selenium-htmlunit-driver-2.39.0.jar:na]
	at org.fluentlenium.core.Fluent.goTo(Fluent.java:336) [fluentlenium-core-0.9.2.jar:na]
	at test.IntegrationTest$2.invoke(IntegrationTest.java:59) [test-classes/:na]
	at test.IntegrationTest$2.invoke(IntegrationTest.java:57) [test-classes/:na]
	at play.test.Helpers.running(Helpers.java:555) [play-test_2.11-2.3.8.jar:2.3.8]
	at play.test.Helpers.running(Helpers.java:541) [play-test_2.11-2.3.8.jar:2.3.8]
	at test.IntegrationTest.testNewContact(IntegrationTest.java:57) [test-classes/:na]
	at sun.reflect.NativeMethodAccessorImpl.invoke0(Native Method) ~[na:1.8.0_31]
	at sun.reflect.NativeMethodAccessorImpl.invoke(NativeMethodAccessorImpl.java:62) ~[na:1.8.0_31]
	at sun.reflect.DelegatingMethodAccessorImpl.invoke(DelegatingMethodAccessorImpl.java:43) ~[na:1.8.0_31]
	at java.lang.reflect.Method.invoke(Method.java:483) ~[na:1.8.0_31]
	at org.junit.runners.model.FrameworkMethod$1.runReflectiveCall(FrameworkMethod.java:47) [junit-4.11.jar:na]
	at org.junit.internal.runners.model.ReflectiveCallable.run(ReflectiveCallable.java:12) [junit-4.11.jar:na]
	at org.junit.runners.model.FrameworkMethod.invokeExplosively(FrameworkMethod.java:44) [junit-4.11.jar:na]
	at org.junit.internal.runners.statements.InvokeMethod.evaluate(InvokeMethod.java:17) [junit-4.11.jar:na]
	at org.junit.runners.ParentRunner.runLeaf(ParentRunner.java:271) [junit-4.11.jar:na]
	at org.junit.runners.BlockJUnit4ClassRunner.runChild(BlockJUnit4ClassRunner.java:70) [junit-4.11.jar:na]
	at org.junit.runners.BlockJUnit4ClassRunner.runChild(BlockJUnit4ClassRunner.java:50) [junit-4.11.jar:na]
	at org.junit.runners.ParentRunner$3.run(ParentRunner.java:238) [junit-4.11.jar:na]
	at org.junit.runners.ParentRunner$1.schedule(ParentRunner.java:63) [junit-4.11.jar:na]
	at org.junit.runners.ParentRunner.runChildren(ParentRunner.java:236) [junit-4.11.jar:na]
	at org.junit.runners.ParentRunner.access$000(ParentRunner.java:53) [junit-4.11.jar:na]
	at org.junit.runners.ParentRunner$2.evaluate(ParentRunner.java:229) [junit-4.11.jar:na]
	at org.junit.runners.ParentRunner.run(ParentRunner.java:309) [junit-4.11.jar:na]
	at org.junit.runner.JUnitCore.run(JUnitCore.java:160) [junit-4.11.jar:na]
	at com.intellij.junit4.JUnit4IdeaTestRunner.startRunnerWithArgs(JUnit4IdeaTestRunner.java:74) [junit-rt.jar:na]
	at com.intellij.rt.execution.junit.JUnitStarter.prepareStreamsAndStart(JUnitStarter.java:211) [junit-rt.jar:na]
	at com.intellij.rt.execution.junit.JUnitStarter.main(JUnitStarter.java:67) [junit-rt.jar:na]
	at sun.reflect.NativeMethodAccessorImpl.invoke0(Native Method) ~[na:1.8.0_31]
	at sun.reflect.NativeMethodAccessorImpl.invoke(NativeMethodAccessorImpl.java:62) ~[na:1.8.0_31]
	at sun.reflect.DelegatingMethodAccessorImpl.invoke(DelegatingMethodAccessorImpl.java:43) ~[na:1.8.0_31]
	at java.lang.reflect.Method.invoke(Method.java:483) ~[na:1.8.0_31]
	at com.intellij.rt.execution.application.AppMain.main(AppMain.java:134) [idea_rt.jar:na]

2015-03-17 19:01:09,815 - [ERROR] - from com.gargoylesoftware.htmlunit.html.HtmlPage in main 
Error loading JavaScript from [http://localhost:3333/assets/javascripts/main.js].
java.io.IOException: Unable to download JavaScript from 'http://localhost:3333/assets/javascripts/main.js' (status 404).
	at com.gargoylesoftware.htmlunit.html.HtmlPage.loadJavaScriptFromUrl(HtmlPage.java:1106) ~[htmlunit-2.13.jar:2.13]
	at com.gargoylesoftware.htmlunit.html.HtmlPage.loadExternalJavaScriptFile(HtmlPage.java:1039) ~[htmlunit-2.13.jar:2.13]
	at com.gargoylesoftware.htmlunit.html.HtmlScript.executeScriptIfNeeded(HtmlScript.java:409) [htmlunit-2.13.jar:2.13]
	at com.gargoylesoftware.htmlunit.html.HtmlScript$3.execute(HtmlScript.java:266) [htmlunit-2.13.jar:2.13]
	at com.gargoylesoftware.htmlunit.html.HtmlScript.onAllChildrenAddedToPage(HtmlScript.java:286) [htmlunit-2.13.jar:2.13]
	at com.gargoylesoftware.htmlunit.html.HTMLParser$HtmlUnitDOMBuilder.endElement(HTMLParser.java:683) [htmlunit-2.13.jar:2.13]
	at org.apache.xerces.parsers.AbstractSAXParser.endElement(Unknown Source) [xercesImpl-2.11.0.jar:na]
	at com.gargoylesoftware.htmlunit.html.HTMLParser$HtmlUnitDOMBuilder.endElement(HTMLParser.java:642) [htmlunit-2.13.jar:2.13]
	at org.cyberneko.html.HTMLTagBalancer.callEndElement(HTMLTagBalancer.java:1170) [nekohtml-1.9.19.jar:1.9.19]
	at org.cyberneko.html.HTMLTagBalancer.endElement(HTMLTagBalancer.java:1072) [nekohtml-1.9.19.jar:1.9.19]
	at org.cyberneko.html.filters.DefaultFilter.endElement(DefaultFilter.java:206) [nekohtml-1.9.19.jar:na]
	at org.cyberneko.html.filters.NamespaceBinder.endElement(NamespaceBinder.java:330) [nekohtml-1.9.19.jar:na]
	at org.cyberneko.html.HTMLScanner$ContentScanner.scanEndElement(HTMLScanner.java:3116) [nekohtml-1.9.19.jar:1.9.19]
	at org.cyberneko.html.HTMLScanner$ContentScanner.scan(HTMLScanner.java:2083) [nekohtml-1.9.19.jar:1.9.19]
	at org.cyberneko.html.HTMLScanner.scanDocument(HTMLScanner.java:918) [nekohtml-1.9.19.jar:1.9.19]
	at org.cyberneko.html.HTMLConfiguration.parse(HTMLConfiguration.java:499) [nekohtml-1.9.19.jar:1.9.19]
	at org.cyberneko.html.HTMLConfiguration.parse(HTMLConfiguration.java:452) [nekohtml-1.9.19.jar:1.9.19]
	at org.apache.xerces.parsers.XMLParser.parse(Unknown Source) [xercesImpl-2.11.0.jar:na]
	at com.gargoylesoftware.htmlunit.html.HTMLParser$HtmlUnitDOMBuilder.parse(HTMLParser.java:899) [htmlunit-2.13.jar:2.13]
	at com.gargoylesoftware.htmlunit.html.HTMLParser.parse(HTMLParser.java:242) [htmlunit-2.13.jar:2.13]
	at com.gargoylesoftware.htmlunit.html.HTMLParser.parseHtml(HTMLParser.java:188) [htmlunit-2.13.jar:2.13]
	at com.gargoylesoftware.htmlunit.DefaultPageCreator.createHtmlPage(DefaultPageCreator.java:268) [htmlunit-2.13.jar:2.13]
	at com.gargoylesoftware.htmlunit.DefaultPageCreator.createPage(DefaultPageCreator.java:156) [htmlunit-2.13.jar:2.13]
	at com.gargoylesoftware.htmlunit.WebClient.loadWebResponseInto(WebClient.java:437) [htmlunit-2.13.jar:2.13]
	at com.gargoylesoftware.htmlunit.WebClient.getPage(WebClient.java:311) [htmlunit-2.13.jar:2.13]
	at com.gargoylesoftware.htmlunit.WebClient.getPage(WebClient.java:376) [htmlunit-2.13.jar:2.13]
	at org.openqa.selenium.htmlunit.HtmlUnitDriver.get(HtmlUnitDriver.java:474) [selenium-htmlunit-driver-2.39.0.jar:na]
	at org.openqa.selenium.htmlunit.HtmlUnitDriver.get(HtmlUnitDriver.java:463) [selenium-htmlunit-driver-2.39.0.jar:na]
	at org.fluentlenium.core.Fluent.goTo(Fluent.java:336) [fluentlenium-core-0.9.2.jar:na]
	at test.IntegrationTest$1.invoke(IntegrationTest.java:42) [test-classes/:na]
	at test.IntegrationTest$1.invoke(IntegrationTest.java:40) [test-classes/:na]
	at play.test.Helpers.running(Helpers.java:555) [play-test_2.11-2.3.8.jar:2.3.8]
	at play.test.Helpers.running(Helpers.java:541) [play-test_2.11-2.3.8.jar:2.3.8]
	at test.IntegrationTest.testHome(IntegrationTest.java:40) [test-classes/:na]
	at sun.reflect.NativeMethodAccessorImpl.invoke0(Native Method) ~[na:1.8.0_31]
	at sun.reflect.NativeMethodAccessorImpl.invoke(NativeMethodAccessorImpl.java:62) ~[na:1.8.0_31]
	at sun.reflect.DelegatingMethodAccessorImpl.invoke(DelegatingMethodAccessorImpl.java:43) ~[na:1.8.0_31]
	at java.lang.reflect.Method.invoke(Method.java:483) ~[na:1.8.0_31]
	at org.junit.runners.model.FrameworkMethod$1.runReflectiveCall(FrameworkMethod.java:47) [junit-4.11.jar:na]
	at org.junit.internal.runners.model.ReflectiveCallable.run(ReflectiveCallable.java:12) [junit-4.11.jar:na]
	at org.junit.runners.model.FrameworkMethod.invokeExplosively(FrameworkMethod.java:44) [junit-4.11.jar:na]
	at org.junit.internal.runners.statements.InvokeMethod.evaluate(InvokeMethod.java:17) [junit-4.11.jar:na]
	at org.junit.runners.ParentRunner.runLeaf(ParentRunner.java:271) [junit-4.11.jar:na]
	at org.junit.runners.BlockJUnit4ClassRunner.runChild(BlockJUnit4ClassRunner.java:70) [junit-4.11.jar:na]
	at org.junit.runners.BlockJUnit4ClassRunner.runChild(BlockJUnit4ClassRunner.java:50) [junit-4.11.jar:na]
	at org.junit.runners.ParentRunner$3.run(ParentRunner.java:238) [junit-4.11.jar:na]
	at org.junit.runners.ParentRunner$1.schedule(ParentRunner.java:63) [junit-4.11.jar:na]
	at org.junit.runners.ParentRunner.runChildren(ParentRunner.java:236) [junit-4.11.jar:na]
	at org.junit.runners.ParentRunner.access$000(ParentRunner.java:53) [junit-4.11.jar:na]
	at org.junit.runners.ParentRunner$2.evaluate(ParentRunner.java:229) [junit-4.11.jar:na]
	at org.junit.runners.ParentRunner.run(ParentRunner.java:309) [junit-4.11.jar:na]
	at org.junit.runner.JUnitCore.run(JUnitCore.java:160) [junit-4.11.jar:na]
	at com.intellij.junit4.JUnit4IdeaTestRunner.startRunnerWithArgs(JUnit4IdeaTestRunner.java:74) [junit-rt.jar:na]
	at com.intellij.rt.execution.junit.JUnitStarter.prepareStreamsAndStart(JUnitStarter.java:211) [junit-rt.jar:na]
	at com.intellij.rt.execution.junit.JUnitStarter.main(JUnitStarter.java:67) [junit-rt.jar:na]
	at sun.reflect.NativeMethodAccessorImpl.invoke0(Native Method) ~[na:1.8.0_31]
	at sun.reflect.NativeMethodAccessorImpl.invoke(NativeMethodAccessorImpl.java:62) ~[na:1.8.0_31]
	at sun.reflect.DelegatingMethodAccessorImpl.invoke(DelegatingMethodAccessorImpl.java:43) ~[na:1.8.0_31]
	at java.lang.reflect.Method.invoke(Method.java:483) ~[na:1.8.0_31]
	at com.intellij.rt.execution.application.AppMain.main(AppMain.java:134) [idea_rt.jar:na]

2015-03-17 19:01:11,467 - [ERROR] - from com.gargoylesoftware.htmlunit.html.HtmlPage in main 
Error loading JavaScript from [http://localhost:3333/assets/javascripts/main.js].
java.io.IOException: Unable to download JavaScript from 'http://localhost:3333/assets/javascripts/main.js' (status 404).
	at com.gargoylesoftware.htmlunit.html.HtmlPage.loadJavaScriptFromUrl(HtmlPage.java:1106) ~[htmlunit-2.13.jar:2.13]
	at com.gargoylesoftware.htmlunit.html.HtmlPage.loadExternalJavaScriptFile(HtmlPage.java:1039) ~[htmlunit-2.13.jar:2.13]
	at com.gargoylesoftware.htmlunit.html.HtmlScript.executeScriptIfNeeded(HtmlScript.java:409) [htmlunit-2.13.jar:2.13]
	at com.gargoylesoftware.htmlunit.html.HtmlScript$3.execute(HtmlScript.java:266) [htmlunit-2.13.jar:2.13]
	at com.gargoylesoftware.htmlunit.html.HtmlScript.onAllChildrenAddedToPage(HtmlScript.java:286) [htmlunit-2.13.jar:2.13]
	at com.gargoylesoftware.htmlunit.html.HTMLParser$HtmlUnitDOMBuilder.endElement(HTMLParser.java:683) [htmlunit-2.13.jar:2.13]
	at org.apache.xerces.parsers.AbstractSAXParser.endElement(Unknown Source) [xercesImpl-2.11.0.jar:na]
	at com.gargoylesoftware.htmlunit.html.HTMLParser$HtmlUnitDOMBuilder.endElement(HTMLParser.java:642) [htmlunit-2.13.jar:2.13]
	at org.cyberneko.html.HTMLTagBalancer.callEndElement(HTMLTagBalancer.java:1170) [nekohtml-1.9.19.jar:1.9.19]
	at org.cyberneko.html.HTMLTagBalancer.endElement(HTMLTagBalancer.java:1072) [nekohtml-1.9.19.jar:1.9.19]
	at org.cyberneko.html.filters.DefaultFilter.endElement(DefaultFilter.java:206) [nekohtml-1.9.19.jar:na]
	at org.cyberneko.html.filters.NamespaceBinder.endElement(NamespaceBinder.java:330) [nekohtml-1.9.19.jar:na]
	at org.cyberneko.html.HTMLScanner$ContentScanner.scanEndElement(HTMLScanner.java:3116) [nekohtml-1.9.19.jar:1.9.19]
	at org.cyberneko.html.HTMLScanner$ContentScanner.scan(HTMLScanner.java:2083) [nekohtml-1.9.19.jar:1.9.19]
	at org.cyberneko.html.HTMLScanner.scanDocument(HTMLScanner.java:918) [nekohtml-1.9.19.jar:1.9.19]
	at org.cyberneko.html.HTMLConfiguration.parse(HTMLConfiguration.java:499) [nekohtml-1.9.19.jar:1.9.19]
	at org.cyberneko.html.HTMLConfiguration.parse(HTMLConfiguration.java:452) [nekohtml-1.9.19.jar:1.9.19]
	at org.apache.xerces.parsers.XMLParser.parse(Unknown Source) [xercesImpl-2.11.0.jar:na]
	at com.gargoylesoftware.htmlunit.html.HTMLParser$HtmlUnitDOMBuilder.parse(HTMLParser.java:899) [htmlunit-2.13.jar:2.13]
	at com.gargoylesoftware.htmlunit.html.HTMLParser.parse(HTMLParser.java:242) [htmlunit-2.13.jar:2.13]
	at com.gargoylesoftware.htmlunit.html.HTMLParser.parseHtml(HTMLParser.java:188) [htmlunit-2.13.jar:2.13]
	at com.gargoylesoftware.htmlunit.DefaultPageCreator.createHtmlPage(DefaultPageCreator.java:268) [htmlunit-2.13.jar:2.13]
	at com.gargoylesoftware.htmlunit.DefaultPageCreator.createPage(DefaultPageCreator.java:156) [htmlunit-2.13.jar:2.13]
	at com.gargoylesoftware.htmlunit.WebClient.loadWebResponseInto(WebClient.java:437) [htmlunit-2.13.jar:2.13]
	at com.gargoylesoftware.htmlunit.WebClient.getPage(WebClient.java:311) [htmlunit-2.13.jar:2.13]
	at com.gargoylesoftware.htmlunit.WebClient.getPage(WebClient.java:376) [htmlunit-2.13.jar:2.13]
	at org.openqa.selenium.htmlunit.HtmlUnitDriver.get(HtmlUnitDriver.java:474) [selenium-htmlunit-driver-2.39.0.jar:na]
	at org.openqa.selenium.htmlunit.HtmlUnitDriver.get(HtmlUnitDriver.java:463) [selenium-htmlunit-driver-2.39.0.jar:na]
	at org.fluentlenium.core.Fluent.goTo(Fluent.java:336) [fluentlenium-core-0.9.2.jar:na]
	at test.IntegrationTest$1.invoke(IntegrationTest.java:45) [test-classes/:na]
	at test.IntegrationTest$1.invoke(IntegrationTest.java:40) [test-classes/:na]
	at play.test.Helpers.running(Helpers.java:555) [play-test_2.11-2.3.8.jar:2.3.8]
	at play.test.Helpers.running(Helpers.java:541) [play-test_2.11-2.3.8.jar:2.3.8]
	at test.IntegrationTest.testHome(IntegrationTest.java:40) [test-classes/:na]
	at sun.reflect.NativeMethodAccessorImpl.invoke0(Native Method) ~[na:1.8.0_31]
	at sun.reflect.NativeMethodAccessorImpl.invoke(NativeMethodAccessorImpl.java:62) ~[na:1.8.0_31]
	at sun.reflect.DelegatingMethodAccessorImpl.invoke(DelegatingMethodAccessorImpl.java:43) ~[na:1.8.0_31]
	at java.lang.reflect.Method.invoke(Method.java:483) ~[na:1.8.0_31]
	at org.junit.runners.model.FrameworkMethod$1.runReflectiveCall(FrameworkMethod.java:47) [junit-4.11.jar:na]
	at org.junit.internal.runners.model.ReflectiveCallable.run(ReflectiveCallable.java:12) [junit-4.11.jar:na]
	at org.junit.runners.model.FrameworkMethod.invokeExplosively(FrameworkMethod.java:44) [junit-4.11.jar:na]
	at org.junit.internal.runners.statements.InvokeMethod.evaluate(InvokeMethod.java:17) [junit-4.11.jar:na]
	at org.junit.runners.ParentRunner.runLeaf(ParentRunner.java:271) [junit-4.11.jar:na]
	at org.junit.runners.BlockJUnit4ClassRunner.runChild(BlockJUnit4ClassRunner.java:70) [junit-4.11.jar:na]
	at org.junit.runners.BlockJUnit4ClassRunner.runChild(BlockJUnit4ClassRunner.java:50) [junit-4.11.jar:na]
	at org.junit.runners.ParentRunner$3.run(ParentRunner.java:238) [junit-4.11.jar:na]
	at org.junit.runners.ParentRunner$1.schedule(ParentRunner.java:63) [junit-4.11.jar:na]
	at org.junit.runners.ParentRunner.runChildren(ParentRunner.java:236) [junit-4.11.jar:na]
	at org.junit.runners.ParentRunner.access$000(ParentRunner.java:53) [junit-4.11.jar:na]
	at org.junit.runners.ParentRunner$2.evaluate(ParentRunner.java:229) [junit-4.11.jar:na]
	at org.junit.runners.ParentRunner.run(ParentRunner.java:309) [junit-4.11.jar:na]
	at org.junit.runner.JUnitCore.run(JUnitCore.java:160) [junit-4.11.jar:na]
	at com.intellij.junit4.JUnit4IdeaTestRunner.startRunnerWithArgs(JUnit4IdeaTestRunner.java:74) [junit-rt.jar:na]
	at com.intellij.rt.execution.junit.JUnitStarter.prepareStreamsAndStart(JUnitStarter.java:211) [junit-rt.jar:na]
	at com.intellij.rt.execution.junit.JUnitStarter.main(JUnitStarter.java:67) [junit-rt.jar:na]
	at sun.reflect.NativeMethodAccessorImpl.invoke0(Native Method) ~[na:1.8.0_31]
	at sun.reflect.NativeMethodAccessorImpl.invoke(NativeMethodAccessorImpl.java:62) ~[na:1.8.0_31]
	at sun.reflect.DelegatingMethodAccessorImpl.invoke(DelegatingMethodAccessorImpl.java:43) ~[na:1.8.0_31]
	at java.lang.reflect.Method.invoke(Method.java:483) ~[na:1.8.0_31]
	at com.intellij.rt.execution.application.AppMain.main(AppMain.java:134) [idea_rt.jar:na]

2015-03-17 19:01:11,878 - [ERROR] - from com.gargoylesoftware.htmlunit.html.HtmlPage in main 
Error loading JavaScript from [http://localhost:3333/assets/javascripts/main.js].
java.io.IOException: Unable to download JavaScript from 'http://localhost:3333/assets/javascripts/main.js' (status 404).
	at com.gargoylesoftware.htmlunit.html.HtmlPage.loadJavaScriptFromUrl(HtmlPage.java:1106) ~[htmlunit-2.13.jar:2.13]
	at com.gargoylesoftware.htmlunit.html.HtmlPage.loadExternalJavaScriptFile(HtmlPage.java:1039) ~[htmlunit-2.13.jar:2.13]
	at com.gargoylesoftware.htmlunit.html.HtmlScript.executeScriptIfNeeded(HtmlScript.java:409) [htmlunit-2.13.jar:2.13]
	at com.gargoylesoftware.htmlunit.html.HtmlScript$3.execute(HtmlScript.java:266) [htmlunit-2.13.jar:2.13]
	at com.gargoylesoftware.htmlunit.html.HtmlScript.onAllChildrenAddedToPage(HtmlScript.java:286) [htmlunit-2.13.jar:2.13]
	at com.gargoylesoftware.htmlunit.html.HTMLParser$HtmlUnitDOMBuilder.endElement(HTMLParser.java:683) [htmlunit-2.13.jar:2.13]
	at org.apache.xerces.parsers.AbstractSAXParser.endElement(Unknown Source) [xercesImpl-2.11.0.jar:na]
	at com.gargoylesoftware.htmlunit.html.HTMLParser$HtmlUnitDOMBuilder.endElement(HTMLParser.java:642) [htmlunit-2.13.jar:2.13]
	at org.cyberneko.html.HTMLTagBalancer.callEndElement(HTMLTagBalancer.java:1170) [nekohtml-1.9.19.jar:1.9.19]
	at org.cyberneko.html.HTMLTagBalancer.endElement(HTMLTagBalancer.java:1072) [nekohtml-1.9.19.jar:1.9.19]
	at org.cyberneko.html.filters.DefaultFilter.endElement(DefaultFilter.java:206) [nekohtml-1.9.19.jar:na]
	at org.cyberneko.html.filters.NamespaceBinder.endElement(NamespaceBinder.java:330) [nekohtml-1.9.19.jar:na]
	at org.cyberneko.html.HTMLScanner$ContentScanner.scanEndElement(HTMLScanner.java:3116) [nekohtml-1.9.19.jar:1.9.19]
	at org.cyberneko.html.HTMLScanner$ContentScanner.scan(HTMLScanner.java:2083) [nekohtml-1.9.19.jar:1.9.19]
	at org.cyberneko.html.HTMLScanner.scanDocument(HTMLScanner.java:918) [nekohtml-1.9.19.jar:1.9.19]
	at org.cyberneko.html.HTMLConfiguration.parse(HTMLConfiguration.java:499) [nekohtml-1.9.19.jar:1.9.19]
	at org.cyberneko.html.HTMLConfiguration.parse(HTMLConfiguration.java:452) [nekohtml-1.9.19.jar:1.9.19]
	at org.apache.xerces.parsers.XMLParser.parse(Unknown Source) [xercesImpl-2.11.0.jar:na]
	at com.gargoylesoftware.htmlunit.html.HTMLParser$HtmlUnitDOMBuilder.parse(HTMLParser.java:899) [htmlunit-2.13.jar:2.13]
	at com.gargoylesoftware.htmlunit.html.HTMLParser.parse(HTMLParser.java:242) [htmlunit-2.13.jar:2.13]
	at com.gargoylesoftware.htmlunit.html.HTMLParser.parseHtml(HTMLParser.java:188) [htmlunit-2.13.jar:2.13]
	at com.gargoylesoftware.htmlunit.DefaultPageCreator.createHtmlPage(DefaultPageCreator.java:268) [htmlunit-2.13.jar:2.13]
	at com.gargoylesoftware.htmlunit.DefaultPageCreator.createPage(DefaultPageCreator.java:156) [htmlunit-2.13.jar:2.13]
	at com.gargoylesoftware.htmlunit.WebClient.loadWebResponseInto(WebClient.java:437) [htmlunit-2.13.jar:2.13]
	at com.gargoylesoftware.htmlunit.WebClient.getPage(WebClient.java:311) [htmlunit-2.13.jar:2.13]
	at com.gargoylesoftware.htmlunit.WebClient.getPage(WebClient.java:376) [htmlunit-2.13.jar:2.13]
	at org.openqa.selenium.htmlunit.HtmlUnitDriver.get(HtmlUnitDriver.java:474) [selenium-htmlunit-driver-2.39.0.jar:na]
	at org.openqa.selenium.htmlunit.HtmlUnitDriver.get(HtmlUnitDriver.java:463) [selenium-htmlunit-driver-2.39.0.jar:na]
	at org.fluentlenium.core.Fluent.goTo(Fluent.java:336) [fluentlenium-core-0.9.2.jar:na]
	at test.IntegrationTest$2.invoke(IntegrationTest.java:59) [test-classes/:na]
	at test.IntegrationTest$2.invoke(IntegrationTest.java:57) [test-classes/:na]
	at play.test.Helpers.running(Helpers.java:555) [play-test_2.11-2.3.8.jar:2.3.8]
	at play.test.Helpers.running(Helpers.java:541) [play-test_2.11-2.3.8.jar:2.3.8]
	at test.IntegrationTest.testNewContact(IntegrationTest.java:57) [test-classes/:na]
	at sun.reflect.NativeMethodAccessorImpl.invoke0(Native Method) ~[na:1.8.0_31]
	at sun.reflect.NativeMethodAccessorImpl.invoke(NativeMethodAccessorImpl.java:62) ~[na:1.8.0_31]
	at sun.reflect.DelegatingMethodAccessorImpl.invoke(DelegatingMethodAccessorImpl.java:43) ~[na:1.8.0_31]
	at java.lang.reflect.Method.invoke(Method.java:483) ~[na:1.8.0_31]
	at org.junit.runners.model.FrameworkMethod$1.runReflectiveCall(FrameworkMethod.java:47) [junit-4.11.jar:na]
	at org.junit.internal.runners.model.ReflectiveCallable.run(ReflectiveCallable.java:12) [junit-4.11.jar:na]
	at org.junit.runners.model.FrameworkMethod.invokeExplosively(FrameworkMethod.java:44) [junit-4.11.jar:na]
	at org.junit.internal.runners.statements.InvokeMethod.evaluate(InvokeMethod.java:17) [junit-4.11.jar:na]
	at org.junit.runners.ParentRunner.runLeaf(ParentRunner.java:271) [junit-4.11.jar:na]
	at org.junit.runners.BlockJUnit4ClassRunner.runChild(BlockJUnit4ClassRunner.java:70) [junit-4.11.jar:na]
	at org.junit.runners.BlockJUnit4ClassRunner.runChild(BlockJUnit4ClassRunner.java:50) [junit-4.11.jar:na]
	at org.junit.runners.ParentRunner$3.run(ParentRunner.java:238) [junit-4.11.jar:na]
	at org.junit.runners.ParentRunner$1.schedule(ParentRunner.java:63) [junit-4.11.jar:na]
	at org.junit.runners.ParentRunner.runChildren(ParentRunner.java:236) [junit-4.11.jar:na]
	at org.junit.runners.ParentRunner.access$000(ParentRunner.java:53) [junit-4.11.jar:na]
	at org.junit.runners.ParentRunner$2.evaluate(ParentRunner.java:229) [junit-4.11.jar:na]
	at org.junit.runners.ParentRunner.run(ParentRunner.java:309) [junit-4.11.jar:na]
	at org.junit.runner.JUnitCore.run(JUnitCore.java:160) [junit-4.11.jar:na]
	at com.intellij.junit4.JUnit4IdeaTestRunner.startRunnerWithArgs(JUnit4IdeaTestRunner.java:74) [junit-rt.jar:na]
	at com.intellij.rt.execution.junit.JUnitStarter.prepareStreamsAndStart(JUnitStarter.java:211) [junit-rt.jar:na]
	at com.intellij.rt.execution.junit.JUnitStarter.main(JUnitStarter.java:67) [junit-rt.jar:na]
	at sun.reflect.NativeMethodAccessorImpl.invoke0(Native Method) ~[na:1.8.0_31]
	at sun.reflect.NativeMethodAccessorImpl.invoke(NativeMethodAccessorImpl.java:62) ~[na:1.8.0_31]
	at sun.reflect.DelegatingMethodAccessorImpl.invoke(DelegatingMethodAccessorImpl.java:43) ~[na:1.8.0_31]
	at java.lang.reflect.Method.invoke(Method.java:483) ~[na:1.8.0_31]
	at com.intellij.rt.execution.application.AppMain.main(AppMain.java:134) [idea_rt.jar:na]

